{"meta": {"format": 3, "version": "7.10.4", "timestamp": "2025-08-27T12:06:37.361096", "branch_coverage": false, "show_contexts": false}, "files": {"modules\\account_runner.py": {"executed_lines": [], "summary": {"covered_lines": 0, "num_statements": 66, "percent_covered": 0.0, "percent_covered_display": "0.00", "missing_lines": 66, "excluded_lines": 0}, "missing_lines": [3, 4, 5, 6, 7, 8, 10, 12, 13, 14, 15, 18, 19, 20, 31, 32, 35, 36, 39, 40, 41, 43, 44, 45, 46, 48, 49, 60, 64, 65, 66, 67, 68, 69, 71, 72, 75, 76, 77, 78, 79, 80, 81, 88, 89, 90, 91, 92, 93, 94, 100, 102, 103, 111, 112, 113, 114, 116, 117, 118, 120, 121, 122, 123, 124, 126], "excluded_lines": [], "functions": {"init_log_db": {"executed_lines": [], "summary": {"covered_lines": 0, "num_statements": 4, "percent_covered": 0.0, "percent_covered_display": "0.00", "missing_lines": 4, "excluded_lines": 0}, "missing_lines": [19, 20, 31, 32], "excluded_lines": []}, "get_run_at_timestamp": {"executed_lines": [], "summary": {"covered_lines": 0, "num_statements": 1, "percent_covered": 0.0, "percent_covered_display": "0.00", "missing_lines": 1, "excluded_lines": 0}, "missing_lines": [36], "excluded_lines": []}, "log_account_run": {"executed_lines": [], "summary": {"covered_lines": 0, "num_statements": 17, "percent_covered": 0.0, "percent_covered_display": "0.00", "missing_lines": 17, "excluded_lines": 0}, "missing_lines": [40, 41, 43, 44, 45, 46, 48, 49, 60, 64, 65, 66, 67, 68, 69, 71, 72], "excluded_lines": []}, "run_account": {"executed_lines": [], "summary": {"covered_lines": 0, "num_statements": 16, "percent_covered": 0.0, "percent_covered_display": "0.00", "missing_lines": 16, "excluded_lines": 0}, "missing_lines": [76, 77, 78, 79, 80, 81, 88, 89, 90, 91, 92, 93, 94, 100, 102, 103], "excluded_lines": []}, "run_all_accounts": {"executed_lines": [], "summary": {"covered_lines": 0, "num_statements": 12, "percent_covered": 0.0, "percent_covered_display": "0.00", "missing_lines": 12, "excluded_lines": 0}, "missing_lines": [112, 113, 114, 116, 117, 118, 120, 121, 122, 123, 124, 126], "excluded_lines": []}, "": {"executed_lines": [], "summary": {"covered_lines": 0, "num_statements": 16, "percent_covered": 0.0, "percent_covered_display": "0.00", "missing_lines": 16, "excluded_lines": 0}, "missing_lines": [3, 4, 5, 6, 7, 8, 10, 12, 13, 14, 15, 18, 35, 39, 75, 111], "excluded_lines": []}}, "classes": {"": {"executed_lines": [], "summary": {"covered_lines": 0, "num_statements": 66, "percent_covered": 0.0, "percent_covered_display": "0.00", "missing_lines": 66, "excluded_lines": 0}, "missing_lines": [3, 4, 5, 6, 7, 8, 10, 12, 13, 14, 15, 18, 19, 20, 31, 32, 35, 36, 39, 40, 41, 43, 44, 45, 46, 48, 49, 60, 64, 65, 66, 67, 68, 69, 71, 72, 75, 76, 77, 78, 79, 80, 81, 88, 89, 90, 91, 92, 93, 94, 100, 102, 103, 111, 112, 113, 114, 116, 117, 118, 120, 121, 122, 123, 124, 126], "excluded_lines": []}}}, "modules\\ast_graph_builder.py": {"executed_lines": [], "summary": {"covered_lines": 0, "num_statements": 19, "percent_covered": 0.0, "percent_covered_display": "0.00", "missing_lines": 19, "excluded_lines": 0}, "missing_lines": [3, 4, 5, 7, 8, 9, 12, 13, 14, 15, 16, 17, 18, 21, 22, 23, 24, 25, 26], "excluded_lines": [], "functions": {"": {"executed_lines": [], "summary": {"covered_lines": 0, "num_statements": 19, "percent_covered": 0.0, "percent_covered_display": "0.00", "missing_lines": 19, "excluded_lines": 0}, "missing_lines": [3, 4, 5, 7, 8, 9, 12, 13, 14, 15, 16, 17, 18, 21, 22, 23, 24, 25, 26], "excluded_lines": []}}, "classes": {"": {"executed_lines": [], "summary": {"covered_lines": 0, "num_statements": 19, "percent_covered": 0.0, "percent_covered_display": "0.00", "missing_lines": 19, "excluded_lines": 0}, "missing_lines": [3, 4, 5, 7, 8, 9, 12, 13, 14, 15, 16, 17, 18, 21, 22, 23, 24, 25, 26], "excluded_lines": []}}}, "modules\\cfg_loader.py": {"executed_lines": [], "summary": {"covered_lines": 0, "num_statements": 5, "percent_covered": 0.0, "percent_covered_display": "0.00", "missing_lines": 5, "excluded_lines": 0}, "missing_lines": [1, 3, 5, 6, 8], "excluded_lines": [], "functions": {"": {"executed_lines": [], "summary": {"covered_lines": 0, "num_statements": 5, "percent_covered": 0.0, "percent_covered_display": "0.00", "missing_lines": 5, "excluded_lines": 0}, "missing_lines": [1, 3, 5, 6, 8], "excluded_lines": []}}, "classes": {"": {"executed_lines": [], "summary": {"covered_lines": 0, "num_statements": 5, "percent_covered": 0.0, "percent_covered_display": "0.00", "missing_lines": 5, "excluded_lines": 0}, "missing_lines": [1, 3, 5, 6, 8], "excluded_lines": []}}}, "modules\\cfg_local.py": {"executed_lines": [], "summary": {"covered_lines": 0, "num_statements": 25, "percent_covered": 0.0, "percent_covered_display": "0.00", "missing_lines": 25, "excluded_lines": 0}, "missing_lines": [1, 4, 5, 6, 7, 8, 9, 10, 11, 12, 15, 16, 18, 19, 22, 23, 24, 25, 31, 32, 34, 65, 67, 69, 82], "excluded_lines": [], "functions": {"load_config": {"executed_lines": [], "summary": {"covered_lines": 0, "num_statements": 8, "percent_covered": 0.0, "percent_covered_display": "0.00", "missing_lines": 8, "excluded_lines": 0}, "missing_lines": [5, 6, 7, 8, 9, 10, 11, 12], "excluded_lines": []}, "": {"executed_lines": [], "summary": {"covered_lines": 0, "num_statements": 17, "percent_covered": 0.0, "percent_covered_display": "0.00", "missing_lines": 17, "excluded_lines": 0}, "missing_lines": [1, 4, 15, 16, 18, 19, 22, 23, 24, 25, 31, 32, 34, 65, 67, 69, 82], "excluded_lines": []}}, "classes": {"": {"executed_lines": [], "summary": {"covered_lines": 0, "num_statements": 25, "percent_covered": 0.0, "percent_covered_display": "0.00", "missing_lines": 25, "excluded_lines": 0}, "missing_lines": [1, 4, 5, 6, 7, 8, 9, 10, 11, 12, 15, 16, 18, 19, 22, 23, 24, 25, 31, 32, 34, 65, 67, 69, 82], "excluded_lines": []}}}, "modules\\core\\checkpoint.py": {"executed_lines": [], "summary": {"covered_lines": 0, "num_statements": 2, "percent_covered": 0.0, "percent_covered_display": "0.00", "missing_lines": 2, "excluded_lines": 0}, "missing_lines": [7, 9], "excluded_lines": [], "functions": {"checkpoint": {"executed_lines": [], "summary": {"covered_lines": 0, "num_statements": 1, "percent_covered": 0.0, "percent_covered_display": "0.00", "missing_lines": 1, "excluded_lines": 0}, "missing_lines": [9], "excluded_lines": []}, "": {"executed_lines": [], "summary": {"covered_lines": 0, "num_statements": 1, "percent_covered": 0.0, "percent_covered_display": "0.00", "missing_lines": 1, "excluded_lines": 0}, "missing_lines": [7], "excluded_lines": []}}, "classes": {"": {"executed_lines": [], "summary": {"covered_lines": 0, "num_statements": 2, "percent_covered": 0.0, "percent_covered_display": "0.00", "missing_lines": 2, "excluded_lines": 0}, "missing_lines": [7, 9], "excluded_lines": []}}}, "modules\\core\\main_features.py": {"executed_lines": [], "summary": {"covered_lines": 0, "num_statements": 22, "percent_covered": 0.0, "percent_covered_display": "0.00", "missing_lines": 22, "excluded_lines": 3}, "missing_lines": [3, 4, 6, 7, 10, 12, 13, 16, 17, 18, 19, 22, 23, 24, 25, 26, 30, 34, 43, 46, 49, 51], "excluded_lines": [37, 38, 39], "functions": {"run_all": {"executed_lines": [], "summary": {"covered_lines": 0, "num_statements": 3, "percent_covered": 0.0, "percent_covered_display": "0.00", "missing_lines": 3, "excluded_lines": 0}, "missing_lines": [17, 18, 19], "excluded_lines": []}, "init_core": {"executed_lines": [], "summary": {"covered_lines": 0, "num_statements": 4, "percent_covered": 0.0, "percent_covered_display": "0.00", "missing_lines": 4, "excluded_lines": 0}, "missing_lines": [23, 24, 25, 26], "excluded_lines": []}, "execute_account": {"executed_lines": [], "summary": {"covered_lines": 0, "num_statements": 1, "percent_covered": 0.0, "percent_covered_display": "0.00", "missing_lines": 1, "excluded_lines": 0}, "missing_lines": [34], "excluded_lines": []}, "current_task": {"executed_lines": [], "summary": {"covered_lines": 0, "num_statements": 1, "percent_covered": 0.0, "percent_covered_display": "0.00", "missing_lines": 1, "excluded_lines": 0}, "missing_lines": [51], "excluded_lines": []}, "": {"executed_lines": [], "summary": {"covered_lines": 0, "num_statements": 13, "percent_covered": 0.0, "percent_covered_display": "0.00", "missing_lines": 13, "excluded_lines": 3}, "missing_lines": [3, 4, 6, 7, 10, 12, 13, 16, 22, 30, 43, 46, 49], "excluded_lines": [37, 38, 39]}}, "classes": {"RunFinishedError": {"executed_lines": [], "summary": {"covered_lines": 0, "num_statements": 0, "percent_covered": 100.0, "percent_covered_display": "100.00", "missing_lines": 0, "excluded_lines": 0}, "missing_lines": [], "excluded_lines": []}, "": {"executed_lines": [], "summary": {"covered_lines": 0, "num_statements": 22, "percent_covered": 0.0, "percent_covered_display": "0.00", "missing_lines": 22, "excluded_lines": 3}, "missing_lines": [3, 4, 6, 7, 10, 12, 13, 16, 17, 18, 19, 22, 23, 24, 25, 26, 30, 34, 43, 46, 49, 51], "excluded_lines": [37, 38, 39]}}}, "modules\\core\\parking_lot.py": {"executed_lines": [], "summary": {"covered_lines": 0, "num_statements": 14, "percent_covered": 0.0, "percent_covered_display": "0.00", "missing_lines": 14, "excluded_lines": 0}, "missing_lines": [11, 12, 14, 16, 20, 21, 23, 27, 28, 29, 31, 35, 37, 41], "excluded_lines": [], "functions": {"ParkingLot.__init__": {"executed_lines": [], "summary": {"covered_lines": 0, "num_statements": 1, "percent_covered": 0.0, "percent_covered_display": "0.00", "missing_lines": 1, "excluded_lines": 0}, "missing_lines": [14], "excluded_lines": []}, "ParkingLot.park": {"executed_lines": [], "summary": {"covered_lines": 0, "num_statements": 2, "percent_covered": 0.0, "percent_covered_display": "0.00", "missing_lines": 2, "excluded_lines": 0}, "missing_lines": [20, 21], "excluded_lines": []}, "ParkingLot.leave": {"executed_lines": [], "summary": {"covered_lines": 0, "num_statements": 3, "percent_covered": 0.0, "percent_covered_display": "0.00", "missing_lines": 3, "excluded_lines": 0}, "missing_lines": [27, 28, 29], "excluded_lines": []}, "ParkingLot.is_empty": {"executed_lines": [], "summary": {"covered_lines": 0, "num_statements": 1, "percent_covered": 0.0, "percent_covered_display": "0.00", "missing_lines": 1, "excluded_lines": 0}, "missing_lines": [35], "excluded_lines": []}, "ParkingLot.count": {"executed_lines": [], "summary": {"covered_lines": 0, "num_statements": 1, "percent_covered": 0.0, "percent_covered_display": "0.00", "missing_lines": 1, "excluded_lines": 0}, "missing_lines": [41], "excluded_lines": []}, "": {"executed_lines": [], "summary": {"covered_lines": 0, "num_statements": 6, "percent_covered": 0.0, "percent_covered_display": "0.00", "missing_lines": 6, "excluded_lines": 0}, "missing_lines": [11, 12, 16, 23, 31, 37], "excluded_lines": []}}, "classes": {"ParkingLot": {"executed_lines": [], "summary": {"covered_lines": 0, "num_statements": 8, "percent_covered": 0.0, "percent_covered_display": "0.00", "missing_lines": 8, "excluded_lines": 0}, "missing_lines": [14, 20, 21, 27, 28, 29, 35, 41], "excluded_lines": []}, "": {"executed_lines": [], "summary": {"covered_lines": 0, "num_statements": 6, "percent_covered": 0.0, "percent_covered_display": "0.00", "missing_lines": 6, "excluded_lines": 0}, "missing_lines": [11, 12, 16, 23, 31, 37], "excluded_lines": []}}}, "modules\\dm\\bot.py": {"executed_lines": [], "summary": {"covered_lines": 0, "num_statements": 36, "percent_covered": 0.0, "percent_covered_display": "0.00", "missing_lines": 36, "excluded_lines": 797}, "missing_lines": [3, 4, 5, 6, 7, 8, 9, 10, 12, 14, 16, 17, 18, 19, 20, 30, 31, 42, 43, 51, 93, 107, 108, 109, 110, 116, 122, 129, 130, 131, 133, 134, 137, 140, 143, 145], "excluded_lines": [148, 149, 150, 152, 153, 154, 155, 156, 157, 158, 159, 160, 161, 162, 163, 164, 165, 166, 167, 168, 169, 170, 171, 172, 173, 174, 175, 176, 177, 178, 179, 180, 181, 182, 183, 184, 185, 186, 187, 188, 189, 190, 191, 192, 193, 194, 195, 196, 197, 198, 199, 200, 201, 202, 203, 204, 205, 206, 207, 208, 209, 210, 211, 212, 213, 214, 215, 216, 217, 218, 219, 220, 221, 222, 223, 224, 225, 226, 227, 228, 229, 230, 231, 232, 233, 234, 235, 236, 237, 238, 239, 240, 241, 242, 243, 244, 245, 246, 247, 248, 249, 250, 251, 252, 253, 254, 255, 256, 257, 258, 259, 260, 261, 262, 263, 264, 265, 266, 267, 268, 269, 270, 271, 272, 273, 274, 275, 276, 277, 278, 279, 280, 282, 283, 284, 285, 287, 288, 289, 290, 292, 293, 294, 295, 297, 298, 299, 300, 302, 303, 304, 305, 306, 307, 308, 309, 311, 312, 313, 314, 315, 316, 317, 318, 320, 321, 322, 323, 324, 325, 326, 327, 328, 329, 331, 332, 333, 334, 335, 336, 337, 338, 339, 340, 342, 343, 344, 345, 347, 348, 349, 350, 352, 353, 354, 355, 357, 358, 359, 360, 362, 363, 364, 365, 367, 368, 369, 370, 372, 373, 374, 375, 377, 378, 379, 380, 382, 383, 384, 385, 387, 388, 389, 390, 392, 393, 394, 395, 397, 398, 399, 400, 402, 403, 404, 405, 407, 408, 409, 410, 412, 413, 414, 415, 417, 418, 419, 420, 422, 423, 424, 425, 427, 428, 429, 430, 432, 433, 434, 435, 436, 437, 438, 439, 440, 441, 442, 443, 444, 445, 446, 448, 449, 450, 451, 452, 453, 454, 456, 457, 458, 459, 460, 461, 462, 463, 464, 465, 466, 467, 468, 469, 470, 471, 473, 474, 475, 476, 477, 478, 479, 480, 481, 483, 484, 485, 486, 487, 488, 489, 490, 491, 492, 493, 494, 495, 496, 497, 498, 499, 500, 501, 502, 504, 505, 506, 507, 508, 509, 510, 511, 512, 513, 514, 516, 517, 518, 520, 521, 522, 524, 525, 526, 528, 529, 530, 531, 532, 533, 534, 536, 537, 538, 539, 540, 541, 542, 544, 545, 546, 547, 548, 549, 551, 552, 553, 554, 555, 557, 558, 559, 561, 562, 563, 565, 566, 567, 569, 570, 571, 572, 573, 574, 575, 577, 578, 579, 580, 581, 582, 583, 585, 586, 587, 589, 590, 591, 593, 594, 595, 597, 598, 599, 601, 602, 603, 604, 605, 606, 607, 608, 610, 611, 612, 614, 615, 616, 618, 619, 620, 622, 623, 624, 626, 627, 628, 630, 631, 632, 634, 635, 636, 638, 639, 640, 642, 643, 644, 646, 647, 648, 650, 651, 652, 654, 655, 656, 658, 659, 660, 662, 663, 664, 666, 667, 668, 670, 671, 672, 674, 675, 676, 678, 679, 680, 682, 683, 684, 686, 687, 688, 690, 691, 692, 694, 695, 696, 698, 699, 700, 702, 703, 704, 706, 707, 708, 710, 711, 712, 714, 715, 716, 718, 719, 720, 722, 723, 724, 726, 727, 728, 729, 730, 731, 732, 733, 734, 735, 736, 737, 738, 739, 740, 741, 742, 743, 744, 745, 746, 747, 748, 749, 750, 751, 752, 754, 755, 756, 758, 759, 760, 761, 762, 763, 764, 765, 766, 767, 768, 769, 770, 771, 772, 773, 774, 775, 776, 777, 778, 779, 780, 781, 782, 784, 785, 786, 788, 789, 790, 792, 793, 794, 796, 797, 798, 800, 801, 802, 804, 805, 806, 808, 809, 810, 812, 813, 814, 816, 817, 818, 820, 821, 822, 824, 825, 826, 828, 829, 830, 832, 833, 834, 836, 837, 838, 840, 841, 842, 844, 845, 846, 848, 849, 850, 852, 853, 854, 855, 856, 858, 859, 860, 862, 863, 864, 865, 866, 867, 868, 869, 870, 871, 872, 873, 874, 875, 876, 877, 878, 879, 880, 881, 883, 884, 885, 886, 887, 888, 889, 890, 891, 892, 893, 894, 895, 896, 898, 899, 900, 901, 902, 904, 905, 906, 908, 909, 910, 912, 913, 914, 916, 917, 918, 920, 921, 922, 924, 925, 926, 928, 929, 930, 932, 933, 934, 936, 937, 938, 940, 941, 942, 944, 945, 946, 948, 949, 950, 952, 953, 954, 956, 957, 958, 960, 961, 962, 964, 965, 966, 968, 969, 970, 972, 973, 974, 976, 977, 978, 980, 981, 982, 984, 985, 986, 988, 989, 990, 992, 993, 994, 996, 997, 998, 1000, 1001, 1002, 1004, 1005, 1006, 1008, 1009, 1010, 1012, 1013, 1014, 1016, 1017, 1018, 1020, 1021, 1022, 1024, 1025, 1026, 1028, 1029, 1030, 1032, 1033, 1034, 1036, 1037, 1038, 1040, 1041, 1042, 1044, 1045, 1046, 1048, 1049, 1050, 1052, 1053, 1054, 1056, 1057, 1058, 1060, 1061, 1062, 1063, 1064, 1066, 1067, 1068, 1070, 1071, 1072, 1074, 1075, 1076, 1078, 1079, 1080, 1082, 1083, 1084, 1086, 1087, 1088, 1090, 1091, 1092, 1094, 1095, 1096], "functions": {"Bot.__init__": {"executed_lines": [], "summary": {"covered_lines": 0, "num_statements": 1, "percent_covered": 0.0, "percent_covered_display": "0.00", "missing_lines": 1, "excluded_lines": 0}, "missing_lines": [145], "excluded_lines": []}, "__init__": {"executed_lines": [], "summary": {"covered_lines": 0, "num_statements": 0, "percent_covered": 100.0, "percent_covered_display": "100.00", "missing_lines": 0, "excluded_lines": 73}, "missing_lines": [], "excluded_lines": [208, 209, 210, 211, 212, 213, 214, 215, 216, 217, 218, 219, 220, 221, 222, 223, 224, 225, 226, 227, 228, 229, 230, 231, 232, 233, 234, 235, 236, 237, 238, 239, 240, 241, 242, 243, 244, 245, 246, 247, 248, 249, 250, 251, 252, 253, 254, 255, 256, 257, 258, 259, 260, 261, 262, 263, 264, 265, 266, 267, 268, 269, 270, 271, 272, 273, 274, 275, 276, 277, 278, 279, 280]}, "user_id": {"executed_lines": [], "summary": {"covered_lines": 0, "num_statements": 0, "percent_covered": 100.0, "percent_covered_display": "100.00", "missing_lines": 0, "excluded_lines": 2}, "missing_lines": [], "excluded_lines": [284, 285]}, "username": {"executed_lines": [], "summary": {"covered_lines": 0, "num_statements": 0, "percent_covered": 100.0, "percent_covered_display": "100.00", "missing_lines": 0, "excluded_lines": 2}, "missing_lines": [], "excluded_lines": [289, 290]}, "password": {"executed_lines": [], "summary": {"covered_lines": 0, "num_statements": 0, "percent_covered": 100.0, "percent_covered_display": "100.00", "missing_lines": 0, "excluded_lines": 2}, "missing_lines": [], "excluded_lines": [294, 295]}, "last_json": {"executed_lines": [], "summary": {"covered_lines": 0, "num_statements": 0, "percent_covered": 100.0, "percent_covered_display": "100.00", "missing_lines": 0, "excluded_lines": 2}, "missing_lines": [], "excluded_lines": [299, 300]}, "blacklist": {"executed_lines": [], "summary": {"covered_lines": 0, "num_statements": 0, "percent_covered": 100.0, "percent_covered_display": "100.00", "missing_lines": 0, "excluded_lines": 6}, "missing_lines": [], "excluded_lines": [304, 305, 306, 307, 308, 309]}, "whitelist": {"executed_lines": [], "summary": {"covered_lines": 0, "num_statements": 0, "percent_covered": 100.0, "percent_covered_display": "100.00", "missing_lines": 0, "excluded_lines": 6}, "missing_lines": [], "excluded_lines": [313, 314, 315, 316, 317, 318]}, "following": {"executed_lines": [], "summary": {"covered_lines": 0, "num_statements": 0, "percent_covered": 100.0, "percent_covered_display": "100.00", "missing_lines": 0, "excluded_lines": 8}, "missing_lines": [], "excluded_lines": [322, 323, 324, 325, 326, 327, 328, 329]}, "followers": {"executed_lines": [], "summary": {"covered_lines": 0, "num_statements": 0, "percent_covered": 100.0, "percent_covered_display": "100.00", "missing_lines": 0, "excluded_lines": 8}, "missing_lines": [], "excluded_lines": [333, 334, 335, 336, 337, 338, 339, 340]}, "start_time": {"executed_lines": [], "summary": {"covered_lines": 0, "num_statements": 0, "percent_covered": 100.0, "percent_covered_display": "100.00", "missing_lines": 0, "excluded_lines": 2}, "missing_lines": [], "excluded_lines": [349, 350]}, "total": {"executed_lines": [], "summary": {"covered_lines": 0, "num_statements": 0, "percent_covered": 100.0, "percent_covered_display": "100.00", "missing_lines": 0, "excluded_lines": 2}, "missing_lines": [], "excluded_lines": [359, 360]}, "sleeping_actions": {"executed_lines": [], "summary": {"covered_lines": 0, "num_statements": 0, "percent_covered": 100.0, "percent_covered_display": "100.00", "missing_lines": 0, "excluded_lines": 2}, "missing_lines": [], "excluded_lines": [369, 370]}, "blocked_actions": {"executed_lines": [], "summary": {"covered_lines": 0, "num_statements": 0, "percent_covered": 100.0, "percent_covered_display": "100.00", "missing_lines": 0, "excluded_lines": 2}, "missing_lines": [], "excluded_lines": [379, 380]}, "last": {"executed_lines": [], "summary": {"covered_lines": 0, "num_statements": 0, "percent_covered": 100.0, "percent_covered_display": "100.00", "missing_lines": 0, "excluded_lines": 2}, "missing_lines": [], "excluded_lines": [389, 390]}, "_following": {"executed_lines": [], "summary": {"covered_lines": 0, "num_statements": 0, "percent_covered": 100.0, "percent_covered_display": "100.00", "missing_lines": 0, "excluded_lines": 2}, "missing_lines": [], "excluded_lines": [399, 400]}, "_followers": {"executed_lines": [], "summary": {"covered_lines": 0, "num_statements": 0, "percent_covered": 100.0, "percent_covered_display": "100.00", "missing_lines": 0, "excluded_lines": 2}, "missing_lines": [], "excluded_lines": [409, 410]}, "_user_infos": {"executed_lines": [], "summary": {"covered_lines": 0, "num_statements": 0, "percent_covered": 100.0, "percent_covered_display": "100.00", "missing_lines": 0, "excluded_lines": 2}, "missing_lines": [], "excluded_lines": [419, 420]}, "_usernames": {"executed_lines": [], "summary": {"covered_lines": 0, "num_statements": 0, "percent_covered": 100.0, "percent_covered_display": "100.00", "missing_lines": 0, "excluded_lines": 2}, "missing_lines": [], "excluded_lines": [429, 430]}, "version": {"executed_lines": [], "summary": {"covered_lines": 0, "num_statements": 0, "percent_covered": 100.0, "percent_covered_display": "100.00", "missing_lines": 0, "excluded_lines": 13}, "missing_lines": [], "excluded_lines": [434, 435, 436, 437, 438, 439, 440, 441, 442, 443, 444, 445, 446]}, "logout": {"executed_lines": [], "summary": {"covered_lines": 0, "num_statements": 0, "percent_covered": 100.0, "percent_covered_display": "100.00", "missing_lines": 0, "excluded_lines": 6}, "missing_lines": [], "excluded_lines": [449, 450, 451, 452, 453, 454]}, "login": {"executed_lines": [], "summary": {"covered_lines": 0, "num_statements": 0, "percent_covered": 100.0, "percent_covered_display": "100.00", "missing_lines": 0, "excluded_lines": 15}, "missing_lines": [], "excluded_lines": [457, 458, 459, 460, 461, 462, 463, 464, 465, 466, 467, 468, 469, 470, 471]}, "prepare": {"executed_lines": [], "summary": {"covered_lines": 0, "num_statements": 0, "percent_covered": 100.0, "percent_covered_display": "100.00", "missing_lines": 0, "excluded_lines": 8}, "missing_lines": [], "excluded_lines": [474, 475, 476, 477, 478, 479, 480, 481]}, "print_counters": {"executed_lines": [], "summary": {"covered_lines": 0, "num_statements": 0, "percent_covered": 100.0, "percent_covered_display": "100.00", "missing_lines": 0, "excluded_lines": 19}, "missing_lines": [], "excluded_lines": [484, 485, 486, 487, 488, 489, 490, 491, 492, 493, 494, 495, 496, 497, 498, 499, 500, 501, 502]}, "delay": {"executed_lines": [], "summary": {"covered_lines": 0, "num_statements": 0, "percent_covered": 100.0, "percent_covered_display": "100.00", "missing_lines": 0, "excluded_lines": 10}, "missing_lines": [], "excluded_lines": [505, 506, 507, 508, 509, 510, 511, 512, 513, 514]}, "error_delay": {"executed_lines": [], "summary": {"covered_lines": 0, "num_statements": 0, "percent_covered": 100.0, "percent_covered_display": "100.00", "missing_lines": 0, "excluded_lines": 2}, "missing_lines": [], "excluded_lines": [517, 518]}, "small_delay": {"executed_lines": [], "summary": {"covered_lines": 0, "num_statements": 0, "percent_covered": 100.0, "percent_covered_display": "100.00", "missing_lines": 0, "excluded_lines": 2}, "missing_lines": [], "excluded_lines": [521, 522]}, "very_small_delay": {"executed_lines": [], "summary": {"covered_lines": 0, "num_statements": 0, "percent_covered": 100.0, "percent_covered_display": "100.00", "missing_lines": 0, "excluded_lines": 2}, "missing_lines": [], "excluded_lines": [525, 526]}, "reached_limit": {"executed_lines": [], "summary": {"covered_lines": 0, "num_statements": 0, "percent_covered": 100.0, "percent_covered_display": "100.00", "missing_lines": 0, "excluded_lines": 6}, "missing_lines": [], "excluded_lines": [529, 530, 531, 532, 533, 534]}, "reset_counters": {"executed_lines": [], "summary": {"covered_lines": 0, "num_statements": 0, "percent_covered": 100.0, "percent_covered_display": "100.00", "missing_lines": 0, "excluded_lines": 6}, "missing_lines": [], "excluded_lines": [537, 538, 539, 540, 541, 542]}, "reset_cache": {"executed_lines": [], "summary": {"covered_lines": 0, "num_statements": 0, "percent_covered": 100.0, "percent_covered_display": "100.00", "missing_lines": 0, "excluded_lines": 5}, "missing_lines": [], "excluded_lines": [545, 546, 547, 548, 549]}, "get_user_stories": {"executed_lines": [], "summary": {"covered_lines": 0, "num_statements": 0, "percent_covered": 100.0, "percent_covered_display": "100.00", "missing_lines": 0, "excluded_lines": 4}, "missing_lines": [], "excluded_lines": [552, 553, 554, 555]}, "get_user_reel": {"executed_lines": [], "summary": {"covered_lines": 0, "num_statements": 0, "percent_covered": 100.0, "percent_covered_display": "100.00", "missing_lines": 0, "excluded_lines": 2}, "missing_lines": [], "excluded_lines": [558, 559]}, "get_self_story_viewers": {"executed_lines": [], "summary": {"covered_lines": 0, "num_statements": 0, "percent_covered": 100.0, "percent_covered_display": "100.00", "missing_lines": 0, "excluded_lines": 2}, "missing_lines": [], "excluded_lines": [562, 563]}, "get_pending_follow_requests": {"executed_lines": [], "summary": {"covered_lines": 0, "num_statements": 0, "percent_covered": 100.0, "percent_covered_display": "100.00", "missing_lines": 0, "excluded_lines": 2}, "missing_lines": [], "excluded_lines": [566, 567]}, "get_your_medias": {"executed_lines": [], "summary": {"covered_lines": 0, "num_statements": 0, "percent_covered": 100.0, "percent_covered_display": "100.00", "missing_lines": 0, "excluded_lines": 6}, "missing_lines": [], "excluded_lines": [570, 571, 572, 573, 574, 575]}, "get_archived_medias": {"executed_lines": [], "summary": {"covered_lines": 0, "num_statements": 0, "percent_covered": 100.0, "percent_covered_display": "100.00", "missing_lines": 0, "excluded_lines": 6}, "missing_lines": [], "excluded_lines": [578, 579, 580, 581, 582, 583]}, "get_timeline_medias": {"executed_lines": [], "summary": {"covered_lines": 0, "num_statements": 0, "percent_covered": 100.0, "percent_covered_display": "100.00", "missing_lines": 0, "excluded_lines": 2}, "missing_lines": [], "excluded_lines": [586, 587]}, "get_popular_medias": {"executed_lines": [], "summary": {"covered_lines": 0, "num_statements": 0, "percent_covered": 100.0, "percent_covered_display": "100.00", "missing_lines": 0, "excluded_lines": 2}, "missing_lines": [], "excluded_lines": [590, 591]}, "get_user_medias": {"executed_lines": [], "summary": {"covered_lines": 0, "num_statements": 0, "percent_covered": 100.0, "percent_covered_display": "100.00", "missing_lines": 0, "excluded_lines": 2}, "missing_lines": [], "excluded_lines": [594, 595]}, "get_total_user_medias": {"executed_lines": [], "summary": {"covered_lines": 0, "num_statements": 0, "percent_covered": 100.0, "percent_covered_display": "100.00", "missing_lines": 0, "excluded_lines": 2}, "missing_lines": [], "excluded_lines": [598, 599]}, "get_last_user_medias": {"executed_lines": [], "summary": {"covered_lines": 0, "num_statements": 0, "percent_covered": 100.0, "percent_covered_display": "100.00", "missing_lines": 0, "excluded_lines": 7}, "missing_lines": [], "excluded_lines": [602, 603, 604, 605, 606, 607, 608]}, "get_hashtag_medias": {"executed_lines": [], "summary": {"covered_lines": 0, "num_statements": 0, "percent_covered": 100.0, "percent_covered_display": "100.00", "missing_lines": 0, "excluded_lines": 2}, "missing_lines": [], "excluded_lines": [611, 612]}, "get_total_hashtag_medias": {"executed_lines": [], "summary": {"covered_lines": 0, "num_statements": 0, "percent_covered": 100.0, "percent_covered_display": "100.00", "missing_lines": 0, "excluded_lines": 2}, "missing_lines": [], "excluded_lines": [615, 616]}, "get_geotag_medias": {"executed_lines": [], "summary": {"covered_lines": 0, "num_statements": 0, "percent_covered": 100.0, "percent_covered_display": "100.00", "missing_lines": 0, "excluded_lines": 2}, "missing_lines": [], "excluded_lines": [619, 620]}, "get_locations_from_coordinates": {"executed_lines": [], "summary": {"covered_lines": 0, "num_statements": 0, "percent_covered": 100.0, "percent_covered_display": "100.00", "missing_lines": 0, "excluded_lines": 2}, "missing_lines": [], "excluded_lines": [623, 624]}, "get_media_info": {"executed_lines": [], "summary": {"covered_lines": 0, "num_statements": 0, "percent_covered": 100.0, "percent_covered_display": "100.00", "missing_lines": 0, "excluded_lines": 2}, "missing_lines": [], "excluded_lines": [627, 628]}, "get_timeline_users": {"executed_lines": [], "summary": {"covered_lines": 0, "num_statements": 0, "percent_covered": 100.0, "percent_covered_display": "100.00", "missing_lines": 0, "excluded_lines": 2}, "missing_lines": [], "excluded_lines": [631, 632]}, "get_hashtag_users": {"executed_lines": [], "summary": {"covered_lines": 0, "num_statements": 0, "percent_covered": 100.0, "percent_covered_display": "100.00", "missing_lines": 0, "excluded_lines": 2}, "missing_lines": [], "excluded_lines": [635, 636]}, "get_geotag_users": {"executed_lines": [], "summary": {"covered_lines": 0, "num_statements": 0, "percent_covered": 100.0, "percent_covered_display": "100.00", "missing_lines": 0, "excluded_lines": 2}, "missing_lines": [], "excluded_lines": [639, 640]}, "get_user_id_from_username": {"executed_lines": [], "summary": {"covered_lines": 0, "num_statements": 0, "percent_covered": 100.0, "percent_covered_display": "100.00", "missing_lines": 0, "excluded_lines": 2}, "missing_lines": [], "excluded_lines": [643, 644]}, "get_user_tags_medias": {"executed_lines": [], "summary": {"covered_lines": 0, "num_statements": 0, "percent_covered": 100.0, "percent_covered_display": "100.00", "missing_lines": 0, "excluded_lines": 2}, "missing_lines": [], "excluded_lines": [647, 648]}, "get_username_from_user_id": {"executed_lines": [], "summary": {"covered_lines": 0, "num_statements": 0, "percent_covered": 100.0, "percent_covered_display": "100.00", "missing_lines": 0, "excluded_lines": 2}, "missing_lines": [], "excluded_lines": [651, 652]}, "get_user_info": {"executed_lines": [], "summary": {"covered_lines": 0, "num_statements": 0, "percent_covered": 100.0, "percent_covered_display": "100.00", "missing_lines": 0, "excluded_lines": 2}, "missing_lines": [], "excluded_lines": [655, 656]}, "get_user_followers": {"executed_lines": [], "summary": {"covered_lines": 0, "num_statements": 0, "percent_covered": 100.0, "percent_covered_display": "100.00", "missing_lines": 0, "excluded_lines": 2}, "missing_lines": [], "excluded_lines": [659, 660]}, "get_user_following": {"executed_lines": [], "summary": {"covered_lines": 0, "num_statements": 0, "percent_covered": 100.0, "percent_covered_display": "100.00", "missing_lines": 0, "excluded_lines": 2}, "missing_lines": [], "excluded_lines": [663, 664]}, "get_comment_likers": {"executed_lines": [], "summary": {"covered_lines": 0, "num_statements": 0, "percent_covered": 100.0, "percent_covered_display": "100.00", "missing_lines": 0, "excluded_lines": 2}, "missing_lines": [], "excluded_lines": [667, 668]}, "get_media_likers": {"executed_lines": [], "summary": {"covered_lines": 0, "num_statements": 0, "percent_covered": 100.0, "percent_covered_display": "100.00", "missing_lines": 0, "excluded_lines": 2}, "missing_lines": [], "excluded_lines": [671, 672]}, "get_media_comments": {"executed_lines": [], "summary": {"covered_lines": 0, "num_statements": 0, "percent_covered": 100.0, "percent_covered_display": "100.00", "missing_lines": 0, "excluded_lines": 2}, "missing_lines": [], "excluded_lines": [675, 676]}, "get_media_comments_all": {"executed_lines": [], "summary": {"covered_lines": 0, "num_statements": 0, "percent_covered": 100.0, "percent_covered_display": "100.00", "missing_lines": 0, "excluded_lines": 2}, "missing_lines": [], "excluded_lines": [679, 680]}, "get_comment": {"executed_lines": [], "summary": {"covered_lines": 0, "num_statements": 0, "percent_covered": 100.0, "percent_covered_display": "100.00", "missing_lines": 0, "excluded_lines": 2}, "missing_lines": [], "excluded_lines": [683, 684]}, "get_media_commenters": {"executed_lines": [], "summary": {"covered_lines": 0, "num_statements": 0, "percent_covered": 100.0, "percent_covered_display": "100.00", "missing_lines": 0, "excluded_lines": 2}, "missing_lines": [], "excluded_lines": [687, 688]}, "get_media_owner": {"executed_lines": [], "summary": {"covered_lines": 0, "num_statements": 0, "percent_covered": 100.0, "percent_covered_display": "100.00", "missing_lines": 0, "excluded_lines": 2}, "missing_lines": [], "excluded_lines": [691, 692]}, "get_user_likers": {"executed_lines": [], "summary": {"covered_lines": 0, "num_statements": 0, "percent_covered": 100.0, "percent_covered_display": "100.00", "missing_lines": 0, "excluded_lines": 2}, "missing_lines": [], "excluded_lines": [695, 696]}, "get_media_id_from_link": {"executed_lines": [], "summary": {"covered_lines": 0, "num_statements": 0, "percent_covered": 100.0, "percent_covered_display": "100.00", "missing_lines": 0, "excluded_lines": 2}, "missing_lines": [], "excluded_lines": [699, 700]}, "get_link_from_media_id": {"executed_lines": [], "summary": {"covered_lines": 0, "num_statements": 0, "percent_covered": 100.0, "percent_covered_display": "100.00", "missing_lines": 0, "excluded_lines": 2}, "missing_lines": [], "excluded_lines": [703, 704]}, "get_messages": {"executed_lines": [], "summary": {"covered_lines": 0, "num_statements": 0, "percent_covered": 100.0, "percent_covered_display": "100.00", "missing_lines": 0, "excluded_lines": 2}, "missing_lines": [], "excluded_lines": [707, 708]}, "search_users": {"executed_lines": [], "summary": {"covered_lines": 0, "num_statements": 0, "percent_covered": 100.0, "percent_covered_display": "100.00", "missing_lines": 0, "excluded_lines": 2}, "missing_lines": [], "excluded_lines": [711, 712]}, "get_muted_friends": {"executed_lines": [], "summary": {"covered_lines": 0, "num_statements": 0, "percent_covered": 100.0, "percent_covered_display": "100.00", "missing_lines": 0, "excluded_lines": 2}, "missing_lines": [], "excluded_lines": [715, 716]}, "convert_to_user_id": {"executed_lines": [], "summary": {"covered_lines": 0, "num_statements": 0, "percent_covered": 100.0, "percent_covered_display": "100.00", "missing_lines": 0, "excluded_lines": 2}, "missing_lines": [], "excluded_lines": [719, 720]}, "get_pending_thread_requests": {"executed_lines": [], "summary": {"covered_lines": 0, "num_statements": 0, "percent_covered": 100.0, "percent_covered_display": "100.00", "missing_lines": 0, "excluded_lines": 2}, "missing_lines": [], "excluded_lines": [723, 724]}, "like": {"executed_lines": [], "summary": {"covered_lines": 0, "num_statements": 0, "percent_covered": 100.0, "percent_covered_display": "100.00", "missing_lines": 0, "excluded_lines": 14}, "missing_lines": [], "excluded_lines": [739, 740, 741, 742, 743, 744, 745, 746, 747, 748, 749, 750, 751, 752]}, "like_comment": {"executed_lines": [], "summary": {"covered_lines": 0, "num_statements": 0, "percent_covered": 100.0, "percent_covered_display": "100.00", "missing_lines": 0, "excluded_lines": 2}, "missing_lines": [], "excluded_lines": [755, 756]}, "like_medias": {"executed_lines": [], "summary": {"covered_lines": 0, "num_statements": 0, "percent_covered": 100.0, "percent_covered_display": "100.00", "missing_lines": 0, "excluded_lines": 13}, "missing_lines": [], "excluded_lines": [770, 771, 772, 773, 774, 775, 776, 777, 778, 779, 780, 781, 782]}, "like_timeline": {"executed_lines": [], "summary": {"covered_lines": 0, "num_statements": 0, "percent_covered": 100.0, "percent_covered_display": "100.00", "missing_lines": 0, "excluded_lines": 2}, "missing_lines": [], "excluded_lines": [785, 786]}, "like_media_comments": {"executed_lines": [], "summary": {"covered_lines": 0, "num_statements": 0, "percent_covered": 100.0, "percent_covered_display": "100.00", "missing_lines": 0, "excluded_lines": 2}, "missing_lines": [], "excluded_lines": [789, 790]}, "like_user": {"executed_lines": [], "summary": {"covered_lines": 0, "num_statements": 0, "percent_covered": 100.0, "percent_covered_display": "100.00", "missing_lines": 0, "excluded_lines": 2}, "missing_lines": [], "excluded_lines": [793, 794]}, "like_hashtag": {"executed_lines": [], "summary": {"covered_lines": 0, "num_statements": 0, "percent_covered": 100.0, "percent_covered_display": "100.00", "missing_lines": 0, "excluded_lines": 2}, "missing_lines": [], "excluded_lines": [797, 798]}, "like_geotag": {"executed_lines": [], "summary": {"covered_lines": 0, "num_statements": 0, "percent_covered": 100.0, "percent_covered_display": "100.00", "missing_lines": 0, "excluded_lines": 2}, "missing_lines": [], "excluded_lines": [801, 802]}, "like_users": {"executed_lines": [], "summary": {"covered_lines": 0, "num_statements": 0, "percent_covered": 100.0, "percent_covered_display": "100.00", "missing_lines": 0, "excluded_lines": 2}, "missing_lines": [], "excluded_lines": [805, 806]}, "like_location_feed": {"executed_lines": [], "summary": {"covered_lines": 0, "num_statements": 0, "percent_covered": 100.0, "percent_covered_display": "100.00", "missing_lines": 0, "excluded_lines": 2}, "missing_lines": [], "excluded_lines": [809, 810]}, "like_followers": {"executed_lines": [], "summary": {"covered_lines": 0, "num_statements": 0, "percent_covered": 100.0, "percent_covered_display": "100.00", "missing_lines": 0, "excluded_lines": 2}, "missing_lines": [], "excluded_lines": [813, 814]}, "like_following": {"executed_lines": [], "summary": {"covered_lines": 0, "num_statements": 0, "percent_covered": 100.0, "percent_covered_display": "100.00", "missing_lines": 0, "excluded_lines": 2}, "missing_lines": [], "excluded_lines": [817, 818]}, "unlike": {"executed_lines": [], "summary": {"covered_lines": 0, "num_statements": 0, "percent_covered": 100.0, "percent_covered_display": "100.00", "missing_lines": 0, "excluded_lines": 2}, "missing_lines": [], "excluded_lines": [821, 822]}, "unlike_comment": {"executed_lines": [], "summary": {"covered_lines": 0, "num_statements": 0, "percent_covered": 100.0, "percent_covered_display": "100.00", "missing_lines": 0, "excluded_lines": 2}, "missing_lines": [], "excluded_lines": [825, 826]}, "unlike_media_comments": {"executed_lines": [], "summary": {"covered_lines": 0, "num_statements": 0, "percent_covered": 100.0, "percent_covered_display": "100.00", "missing_lines": 0, "excluded_lines": 2}, "missing_lines": [], "excluded_lines": [829, 830]}, "unlike_medias": {"executed_lines": [], "summary": {"covered_lines": 0, "num_statements": 0, "percent_covered": 100.0, "percent_covered_display": "100.00", "missing_lines": 0, "excluded_lines": 2}, "missing_lines": [], "excluded_lines": [833, 834]}, "unlike_user": {"executed_lines": [], "summary": {"covered_lines": 0, "num_statements": 0, "percent_covered": 100.0, "percent_covered_display": "100.00", "missing_lines": 0, "excluded_lines": 2}, "missing_lines": [], "excluded_lines": [837, 838]}, "download_stories": {"executed_lines": [], "summary": {"covered_lines": 0, "num_statements": 0, "percent_covered": 100.0, "percent_covered_display": "100.00", "missing_lines": 0, "excluded_lines": 2}, "missing_lines": [], "excluded_lines": [841, 842]}, "upload_story_photo": {"executed_lines": [], "summary": {"covered_lines": 0, "num_statements": 0, "percent_covered": 100.0, "percent_covered_display": "100.00", "missing_lines": 0, "excluded_lines": 2}, "missing_lines": [], "excluded_lines": [845, 846]}, "watch_users_reels": {"executed_lines": [], "summary": {"covered_lines": 0, "num_statements": 0, "percent_covered": 100.0, "percent_covered_display": "100.00", "missing_lines": 0, "excluded_lines": 2}, "missing_lines": [], "excluded_lines": [849, 850]}, "download_photo": {"executed_lines": [], "summary": {"covered_lines": 0, "num_statements": 0, "percent_covered": 100.0, "percent_covered_display": "100.00", "missing_lines": 0, "excluded_lines": 2}, "missing_lines": [], "excluded_lines": [855, 856]}, "download_photos": {"executed_lines": [], "summary": {"covered_lines": 0, "num_statements": 0, "percent_covered": 100.0, "percent_covered_display": "100.00", "missing_lines": 0, "excluded_lines": 2}, "missing_lines": [], "excluded_lines": [859, 860]}, "upload_photo": {"executed_lines": [], "summary": {"covered_lines": 0, "num_statements": 0, "percent_covered": 100.0, "percent_covered_display": "100.00", "missing_lines": 0, "excluded_lines": 17}, "missing_lines": [], "excluded_lines": [865, 866, 867, 868, 869, 870, 871, 872, 873, 874, 875, 876, 877, 878, 879, 880, 881]}, "upload_video": {"executed_lines": [], "summary": {"covered_lines": 0, "num_statements": 0, "percent_covered": 100.0, "percent_covered_display": "100.00", "missing_lines": 0, "excluded_lines": 13}, "missing_lines": [], "excluded_lines": [884, 885, 886, 887, 888, 889, 890, 891, 892, 893, 894, 895, 896]}, "download_video": {"executed_lines": [], "summary": {"covered_lines": 0, "num_statements": 0, "percent_covered": 100.0, "percent_covered_display": "100.00", "missing_lines": 0, "excluded_lines": 2}, "missing_lines": [], "excluded_lines": [901, 902]}, "follow": {"executed_lines": [], "summary": {"covered_lines": 0, "num_statements": 0, "percent_covered": 100.0, "percent_covered_display": "100.00", "missing_lines": 0, "excluded_lines": 2}, "missing_lines": [], "excluded_lines": [905, 906]}, "follow_users": {"executed_lines": [], "summary": {"covered_lines": 0, "num_statements": 0, "percent_covered": 100.0, "percent_covered_display": "100.00", "missing_lines": 0, "excluded_lines": 2}, "missing_lines": [], "excluded_lines": [909, 910]}, "follow_followers": {"executed_lines": [], "summary": {"covered_lines": 0, "num_statements": 0, "percent_covered": 100.0, "percent_covered_display": "100.00", "missing_lines": 0, "excluded_lines": 2}, "missing_lines": [], "excluded_lines": [913, 914]}, "follow_following": {"executed_lines": [], "summary": {"covered_lines": 0, "num_statements": 0, "percent_covered": 100.0, "percent_covered_display": "100.00", "missing_lines": 0, "excluded_lines": 2}, "missing_lines": [], "excluded_lines": [917, 918]}, "unfollow": {"executed_lines": [], "summary": {"covered_lines": 0, "num_statements": 0, "percent_covered": 100.0, "percent_covered_display": "100.00", "missing_lines": 0, "excluded_lines": 2}, "missing_lines": [], "excluded_lines": [921, 922]}, "unfollow_users": {"executed_lines": [], "summary": {"covered_lines": 0, "num_statements": 0, "percent_covered": 100.0, "percent_covered_display": "100.00", "missing_lines": 0, "excluded_lines": 2}, "missing_lines": [], "excluded_lines": [925, 926]}, "unfollow_non_followers": {"executed_lines": [], "summary": {"covered_lines": 0, "num_statements": 0, "percent_covered": 100.0, "percent_covered_display": "100.00", "missing_lines": 0, "excluded_lines": 2}, "missing_lines": [], "excluded_lines": [929, 930]}, "unfollow_everyone": {"executed_lines": [], "summary": {"covered_lines": 0, "num_statements": 0, "percent_covered": 100.0, "percent_covered_display": "100.00", "missing_lines": 0, "excluded_lines": 2}, "missing_lines": [], "excluded_lines": [933, 934]}, "approve_pending_follow_requests": {"executed_lines": [], "summary": {"covered_lines": 0, "num_statements": 0, "percent_covered": 100.0, "percent_covered_display": "100.00", "missing_lines": 0, "excluded_lines": 2}, "missing_lines": [], "excluded_lines": [937, 938]}, "reject_pending_follow_requests": {"executed_lines": [], "summary": {"covered_lines": 0, "num_statements": 0, "percent_covered": 100.0, "percent_covered_display": "100.00", "missing_lines": 0, "excluded_lines": 2}, "missing_lines": [], "excluded_lines": [941, 942]}, "send_message": {"executed_lines": [], "summary": {"covered_lines": 0, "num_statements": 0, "percent_covered": 100.0, "percent_covered_display": "100.00", "missing_lines": 0, "excluded_lines": 2}, "missing_lines": [], "excluded_lines": [945, 946]}, "send_messages": {"executed_lines": [], "summary": {"covered_lines": 0, "num_statements": 0, "percent_covered": 100.0, "percent_covered_display": "100.00", "missing_lines": 0, "excluded_lines": 2}, "missing_lines": [], "excluded_lines": [949, 950]}, "send_media": {"executed_lines": [], "summary": {"covered_lines": 0, "num_statements": 0, "percent_covered": 100.0, "percent_covered_display": "100.00", "missing_lines": 0, "excluded_lines": 2}, "missing_lines": [], "excluded_lines": [953, 954]}, "send_medias": {"executed_lines": [], "summary": {"covered_lines": 0, "num_statements": 0, "percent_covered": 100.0, "percent_covered_display": "100.00", "missing_lines": 0, "excluded_lines": 2}, "missing_lines": [], "excluded_lines": [957, 958]}, "send_hashtag": {"executed_lines": [], "summary": {"covered_lines": 0, "num_statements": 0, "percent_covered": 100.0, "percent_covered_display": "100.00", "missing_lines": 0, "excluded_lines": 2}, "missing_lines": [], "excluded_lines": [961, 962]}, "send_profile": {"executed_lines": [], "summary": {"covered_lines": 0, "num_statements": 0, "percent_covered": 100.0, "percent_covered_display": "100.00", "missing_lines": 0, "excluded_lines": 2}, "missing_lines": [], "excluded_lines": [965, 966]}, "send_like": {"executed_lines": [], "summary": {"covered_lines": 0, "num_statements": 0, "percent_covered": 100.0, "percent_covered_display": "100.00", "missing_lines": 0, "excluded_lines": 2}, "missing_lines": [], "excluded_lines": [969, 970]}, "send_photo": {"executed_lines": [], "summary": {"covered_lines": 0, "num_statements": 0, "percent_covered": 100.0, "percent_covered_display": "100.00", "missing_lines": 0, "excluded_lines": 2}, "missing_lines": [], "excluded_lines": [973, 974]}, "approve_pending_thread_requests": {"executed_lines": [], "summary": {"covered_lines": 0, "num_statements": 0, "percent_covered": 100.0, "percent_covered_display": "100.00", "missing_lines": 0, "excluded_lines": 2}, "missing_lines": [], "excluded_lines": [977, 978]}, "delete_media": {"executed_lines": [], "summary": {"covered_lines": 0, "num_statements": 0, "percent_covered": 100.0, "percent_covered_display": "100.00", "missing_lines": 0, "excluded_lines": 2}, "missing_lines": [], "excluded_lines": [981, 982]}, "delete_medias": {"executed_lines": [], "summary": {"covered_lines": 0, "num_statements": 0, "percent_covered": 100.0, "percent_covered_display": "100.00", "missing_lines": 0, "excluded_lines": 2}, "missing_lines": [], "excluded_lines": [985, 986]}, "delete_comment": {"executed_lines": [], "summary": {"covered_lines": 0, "num_statements": 0, "percent_covered": 100.0, "percent_covered_display": "100.00", "missing_lines": 0, "excluded_lines": 2}, "missing_lines": [], "excluded_lines": [989, 990]}, "archive": {"executed_lines": [], "summary": {"covered_lines": 0, "num_statements": 0, "percent_covered": 100.0, "percent_covered_display": "100.00", "missing_lines": 0, "excluded_lines": 2}, "missing_lines": [], "excluded_lines": [993, 994]}, "unarchive": {"executed_lines": [], "summary": {"covered_lines": 0, "num_statements": 0, "percent_covered": 100.0, "percent_covered_display": "100.00", "missing_lines": 0, "excluded_lines": 2}, "missing_lines": [], "excluded_lines": [997, 998]}, "archive_medias": {"executed_lines": [], "summary": {"covered_lines": 0, "num_statements": 0, "percent_covered": 100.0, "percent_covered_display": "100.00", "missing_lines": 0, "excluded_lines": 2}, "missing_lines": [], "excluded_lines": [1001, 1002]}, "unarchive_medias": {"executed_lines": [], "summary": {"covered_lines": 0, "num_statements": 0, "percent_covered": 100.0, "percent_covered_display": "100.00", "missing_lines": 0, "excluded_lines": 2}, "missing_lines": [], "excluded_lines": [1005, 1006]}, "comment": {"executed_lines": [], "summary": {"covered_lines": 0, "num_statements": 0, "percent_covered": 100.0, "percent_covered_display": "100.00", "missing_lines": 0, "excluded_lines": 2}, "missing_lines": [], "excluded_lines": [1009, 1010]}, "reply_to_comment": {"executed_lines": [], "summary": {"covered_lines": 0, "num_statements": 0, "percent_covered": 100.0, "percent_covered_display": "100.00", "missing_lines": 0, "excluded_lines": 2}, "missing_lines": [], "excluded_lines": [1013, 1014]}, "comment_hashtag": {"executed_lines": [], "summary": {"covered_lines": 0, "num_statements": 0, "percent_covered": 100.0, "percent_covered_display": "100.00", "missing_lines": 0, "excluded_lines": 2}, "missing_lines": [], "excluded_lines": [1017, 1018]}, "comment_medias": {"executed_lines": [], "summary": {"covered_lines": 0, "num_statements": 0, "percent_covered": 100.0, "percent_covered_display": "100.00", "missing_lines": 0, "excluded_lines": 2}, "missing_lines": [], "excluded_lines": [1021, 1022]}, "comment_user": {"executed_lines": [], "summary": {"covered_lines": 0, "num_statements": 0, "percent_covered": 100.0, "percent_covered_display": "100.00", "missing_lines": 0, "excluded_lines": 2}, "missing_lines": [], "excluded_lines": [1025, 1026]}, "comment_users": {"executed_lines": [], "summary": {"covered_lines": 0, "num_statements": 0, "percent_covered": 100.0, "percent_covered_display": "100.00", "missing_lines": 0, "excluded_lines": 2}, "missing_lines": [], "excluded_lines": [1029, 1030]}, "comment_geotag": {"executed_lines": [], "summary": {"covered_lines": 0, "num_statements": 0, "percent_covered": 100.0, "percent_covered_display": "100.00", "missing_lines": 0, "excluded_lines": 2}, "missing_lines": [], "excluded_lines": [1033, 1034]}, "is_commented": {"executed_lines": [], "summary": {"covered_lines": 0, "num_statements": 0, "percent_covered": 100.0, "percent_covered_display": "100.00", "missing_lines": 0, "excluded_lines": 2}, "missing_lines": [], "excluded_lines": [1037, 1038]}, "block": {"executed_lines": [], "summary": {"covered_lines": 0, "num_statements": 0, "percent_covered": 100.0, "percent_covered_display": "100.00", "missing_lines": 0, "excluded_lines": 2}, "missing_lines": [], "excluded_lines": [1041, 1042]}, "unblock": {"executed_lines": [], "summary": {"covered_lines": 0, "num_statements": 0, "percent_covered": 100.0, "percent_covered_display": "100.00", "missing_lines": 0, "excluded_lines": 2}, "missing_lines": [], "excluded_lines": [1045, 1046]}, "block_users": {"executed_lines": [], "summary": {"covered_lines": 0, "num_statements": 0, "percent_covered": 100.0, "percent_covered_display": "100.00", "missing_lines": 0, "excluded_lines": 2}, "missing_lines": [], "excluded_lines": [1049, 1050]}, "unblock_users": {"executed_lines": [], "summary": {"covered_lines": 0, "num_statements": 0, "percent_covered": 100.0, "percent_covered_display": "100.00", "missing_lines": 0, "excluded_lines": 2}, "missing_lines": [], "excluded_lines": [1053, 1054]}, "block_bots": {"executed_lines": [], "summary": {"covered_lines": 0, "num_statements": 0, "percent_covered": 100.0, "percent_covered_display": "100.00", "missing_lines": 0, "excluded_lines": 2}, "missing_lines": [], "excluded_lines": [1057, 1058]}, "filter_medias": {"executed_lines": [], "summary": {"covered_lines": 0, "num_statements": 0, "percent_covered": 100.0, "percent_covered_display": "100.00", "missing_lines": 0, "excluded_lines": 2}, "missing_lines": [], "excluded_lines": [1063, 1064]}, "check_media": {"executed_lines": [], "summary": {"covered_lines": 0, "num_statements": 0, "percent_covered": 100.0, "percent_covered_display": "100.00", "missing_lines": 0, "excluded_lines": 2}, "missing_lines": [], "excluded_lines": [1067, 1068]}, "check_user": {"executed_lines": [], "summary": {"covered_lines": 0, "num_statements": 0, "percent_covered": 100.0, "percent_covered_display": "100.00", "missing_lines": 0, "excluded_lines": 2}, "missing_lines": [], "excluded_lines": [1071, 1072]}, "check_not_bot": {"executed_lines": [], "summary": {"covered_lines": 0, "num_statements": 0, "percent_covered": 100.0, "percent_covered_display": "100.00", "missing_lines": 0, "excluded_lines": 2}, "missing_lines": [], "excluded_lines": [1075, 1076]}, "check_if_file_exists": {"executed_lines": [], "summary": {"covered_lines": 0, "num_statements": 0, "percent_covered": 100.0, "percent_covered_display": "100.00", "missing_lines": 0, "excluded_lines": 2}, "missing_lines": [], "excluded_lines": [1079, 1080]}, "extract_urls": {"executed_lines": [], "summary": {"covered_lines": 0, "num_statements": 0, "percent_covered": 100.0, "percent_covered_display": "100.00", "missing_lines": 0, "excluded_lines": 2}, "missing_lines": [], "excluded_lines": [1083, 1084]}, "read_list_from_file": {"executed_lines": [], "summary": {"covered_lines": 0, "num_statements": 0, "percent_covered": 100.0, "percent_covered_display": "100.00", "missing_lines": 0, "excluded_lines": 2}, "missing_lines": [], "excluded_lines": [1087, 1088]}, "console_print": {"executed_lines": [], "summary": {"covered_lines": 0, "num_statements": 0, "percent_covered": 100.0, "percent_covered_display": "100.00", "missing_lines": 0, "excluded_lines": 2}, "missing_lines": [], "excluded_lines": [1091, 1092]}, "save_user_stats": {"executed_lines": [], "summary": {"covered_lines": 0, "num_statements": 0, "percent_covered": 100.0, "percent_covered_display": "100.00", "missing_lines": 0, "excluded_lines": 2}, "missing_lines": [], "excluded_lines": [1095, 1096]}, "": {"executed_lines": [], "summary": {"covered_lines": 0, "num_statements": 35, "percent_covered": 0.0, "percent_covered_display": "0.00", "missing_lines": 35, "excluded_lines": 268}, "missing_lines": [3, 4, 5, 6, 7, 8, 9, 10, 12, 14, 16, 17, 18, 19, 20, 30, 31, 42, 43, 51, 93, 107, 108, 109, 110, 116, 122, 129, 130, 131, 133, 134, 137, 140, 143], "excluded_lines": [148, 149, 150, 152, 153, 154, 155, 156, 157, 158, 159, 160, 161, 162, 163, 164, 165, 166, 167, 168, 169, 170, 171, 172, 173, 174, 175, 176, 177, 178, 179, 180, 181, 182, 183, 184, 185, 186, 187, 188, 189, 190, 191, 192, 193, 194, 195, 196, 197, 198, 199, 200, 201, 202, 203, 204, 205, 206, 207, 282, 283, 287, 288, 292, 293, 297, 298, 302, 303, 311, 312, 320, 321, 331, 332, 342, 343, 347, 348, 352, 353, 357, 358, 362, 363, 367, 368, 372, 373, 377, 378, 382, 383, 387, 388, 392, 393, 397, 398, 402, 403, 407, 408, 412, 413, 417, 418, 422, 423, 427, 428, 432, 433, 448, 456, 473, 483, 504, 516, 520, 524, 528, 536, 544, 551, 557, 561, 565, 569, 577, 585, 589, 593, 597, 601, 610, 614, 618, 622, 626, 630, 634, 638, 642, 646, 650, 654, 658, 662, 666, 670, 674, 678, 682, 686, 690, 694, 698, 702, 706, 710, 714, 718, 722, 726, 727, 728, 729, 730, 731, 732, 733, 734, 735, 736, 737, 738, 754, 758, 759, 760, 761, 762, 763, 764, 765, 766, 767, 768, 769, 784, 788, 792, 796, 800, 804, 808, 812, 816, 820, 824, 828, 832, 836, 840, 844, 848, 852, 853, 854, 858, 862, 863, 864, 883, 898, 899, 900, 904, 908, 912, 916, 920, 924, 928, 932, 936, 940, 944, 948, 952, 956, 960, 964, 968, 972, 976, 980, 984, 988, 992, 996, 1000, 1004, 1008, 1012, 1016, 1020, 1024, 1028, 1032, 1036, 1040, 1044, 1048, 1052, 1056, 1060, 1061, 1062, 1066, 1070, 1074, 1078, 1082, 1086, 1090, 1094]}}, "classes": {"Bot": {"executed_lines": [], "summary": {"covered_lines": 0, "num_statements": 1, "percent_covered": 0.0, "percent_covered_display": "0.00", "missing_lines": 1, "excluded_lines": 0}, "missing_lines": [145], "excluded_lines": []}, "": {"executed_lines": [], "summary": {"covered_lines": 0, "num_statements": 35, "percent_covered": 0.0, "percent_covered_display": "0.00", "missing_lines": 35, "excluded_lines": 797}, "missing_lines": [3, 4, 5, 6, 7, 8, 9, 10, 12, 14, 16, 17, 18, 19, 20, 30, 31, 42, 43, 51, 93, 107, 108, 109, 110, 116, 122, 129, 130, 131, 133, 134, 137, 140, 143], "excluded_lines": [148, 149, 150, 152, 153, 154, 155, 156, 157, 158, 159, 160, 161, 162, 163, 164, 165, 166, 167, 168, 169, 170, 171, 172, 173, 174, 175, 176, 177, 178, 179, 180, 181, 182, 183, 184, 185, 186, 187, 188, 189, 190, 191, 192, 193, 194, 195, 196, 197, 198, 199, 200, 201, 202, 203, 204, 205, 206, 207, 208, 209, 210, 211, 212, 213, 214, 215, 216, 217, 218, 219, 220, 221, 222, 223, 224, 225, 226, 227, 228, 229, 230, 231, 232, 233, 234, 235, 236, 237, 238, 239, 240, 241, 242, 243, 244, 245, 246, 247, 248, 249, 250, 251, 252, 253, 254, 255, 256, 257, 258, 259, 260, 261, 262, 263, 264, 265, 266, 267, 268, 269, 270, 271, 272, 273, 274, 275, 276, 277, 278, 279, 280, 282, 283, 284, 285, 287, 288, 289, 290, 292, 293, 294, 295, 297, 298, 299, 300, 302, 303, 304, 305, 306, 307, 308, 309, 311, 312, 313, 314, 315, 316, 317, 318, 320, 321, 322, 323, 324, 325, 326, 327, 328, 329, 331, 332, 333, 334, 335, 336, 337, 338, 339, 340, 342, 343, 344, 345, 347, 348, 349, 350, 352, 353, 354, 355, 357, 358, 359, 360, 362, 363, 364, 365, 367, 368, 369, 370, 372, 373, 374, 375, 377, 378, 379, 380, 382, 383, 384, 385, 387, 388, 389, 390, 392, 393, 394, 395, 397, 398, 399, 400, 402, 403, 404, 405, 407, 408, 409, 410, 412, 413, 414, 415, 417, 418, 419, 420, 422, 423, 424, 425, 427, 428, 429, 430, 432, 433, 434, 435, 436, 437, 438, 439, 440, 441, 442, 443, 444, 445, 446, 448, 449, 450, 451, 452, 453, 454, 456, 457, 458, 459, 460, 461, 462, 463, 464, 465, 466, 467, 468, 469, 470, 471, 473, 474, 475, 476, 477, 478, 479, 480, 481, 483, 484, 485, 486, 487, 488, 489, 490, 491, 492, 493, 494, 495, 496, 497, 498, 499, 500, 501, 502, 504, 505, 506, 507, 508, 509, 510, 511, 512, 513, 514, 516, 517, 518, 520, 521, 522, 524, 525, 526, 528, 529, 530, 531, 532, 533, 534, 536, 537, 538, 539, 540, 541, 542, 544, 545, 546, 547, 548, 549, 551, 552, 553, 554, 555, 557, 558, 559, 561, 562, 563, 565, 566, 567, 569, 570, 571, 572, 573, 574, 575, 577, 578, 579, 580, 581, 582, 583, 585, 586, 587, 589, 590, 591, 593, 594, 595, 597, 598, 599, 601, 602, 603, 604, 605, 606, 607, 608, 610, 611, 612, 614, 615, 616, 618, 619, 620, 622, 623, 624, 626, 627, 628, 630, 631, 632, 634, 635, 636, 638, 639, 640, 642, 643, 644, 646, 647, 648, 650, 651, 652, 654, 655, 656, 658, 659, 660, 662, 663, 664, 666, 667, 668, 670, 671, 672, 674, 675, 676, 678, 679, 680, 682, 683, 684, 686, 687, 688, 690, 691, 692, 694, 695, 696, 698, 699, 700, 702, 703, 704, 706, 707, 708, 710, 711, 712, 714, 715, 716, 718, 719, 720, 722, 723, 724, 726, 727, 728, 729, 730, 731, 732, 733, 734, 735, 736, 737, 738, 739, 740, 741, 742, 743, 744, 745, 746, 747, 748, 749, 750, 751, 752, 754, 755, 756, 758, 759, 760, 761, 762, 763, 764, 765, 766, 767, 768, 769, 770, 771, 772, 773, 774, 775, 776, 777, 778, 779, 780, 781, 782, 784, 785, 786, 788, 789, 790, 792, 793, 794, 796, 797, 798, 800, 801, 802, 804, 805, 806, 808, 809, 810, 812, 813, 814, 816, 817, 818, 820, 821, 822, 824, 825, 826, 828, 829, 830, 832, 833, 834, 836, 837, 838, 840, 841, 842, 844, 845, 846, 848, 849, 850, 852, 853, 854, 855, 856, 858, 859, 860, 862, 863, 864, 865, 866, 867, 868, 869, 870, 871, 872, 873, 874, 875, 876, 877, 878, 879, 880, 881, 883, 884, 885, 886, 887, 888, 889, 890, 891, 892, 893, 894, 895, 896, 898, 899, 900, 901, 902, 904, 905, 906, 908, 909, 910, 912, 913, 914, 916, 917, 918, 920, 921, 922, 924, 925, 926, 928, 929, 930, 932, 933, 934, 936, 937, 938, 940, 941, 942, 944, 945, 946, 948, 949, 950, 952, 953, 954, 956, 957, 958, 960, 961, 962, 964, 965, 966, 968, 969, 970, 972, 973, 974, 976, 977, 978, 980, 981, 982, 984, 985, 986, 988, 989, 990, 992, 993, 994, 996, 997, 998, 1000, 1001, 1002, 1004, 1005, 1006, 1008, 1009, 1010, 1012, 1013, 1014, 1016, 1017, 1018, 1020, 1021, 1022, 1024, 1025, 1026, 1028, 1029, 1030, 1032, 1033, 1034, 1036, 1037, 1038, 1040, 1041, 1042, 1044, 1045, 1046, 1048, 1049, 1050, 1052, 1053, 1054, 1056, 1057, 1058, 1060, 1061, 1062, 1063, 1064, 1066, 1067, 1068, 1070, 1071, 1072, 1074, 1075, 1076, 1078, 1079, 1080, 1082, 1083, 1084, 1086, 1087, 1088, 1090, 1091, 1092, 1094, 1095, 1096]}}}, "modules\\dm\\bot_cache.py": {"executed_lines": [], "summary": {"covered_lines": 0, "num_statements": 12, "percent_covered": 0.0, "percent_covered_display": "0.00", "missing_lines": 12, "excluded_lines": 0}, "missing_lines": [3, 6, 9, 11, 13, 15, 17, 18, 19, 20, 22, 24], "excluded_lines": [], "functions": {"BotCache.__init__": {"executed_lines": [], "summary": {"covered_lines": 0, "num_statements": 4, "percent_covered": 0.0, "percent_covered_display": "0.00", "missing_lines": 4, "excluded_lines": 0}, "missing_lines": [17, 18, 19, 20], "excluded_lines": []}, "BotCache.__repr__": {"executed_lines": [], "summary": {"covered_lines": 0, "num_statements": 1, "percent_covered": 0.0, "percent_covered_display": "0.00", "missing_lines": 1, "excluded_lines": 0}, "missing_lines": [24], "excluded_lines": []}, "": {"executed_lines": [], "summary": {"covered_lines": 0, "num_statements": 6, "percent_covered": 0.0, "percent_covered_display": "0.00", "missing_lines": 6, "excluded_lines": 0}, "missing_lines": [3, 6, 9, 13, 15, 22], "excluded_lines": []}}, "classes": {"BotCache": {"executed_lines": [], "summary": {"covered_lines": 0, "num_statements": 6, "percent_covered": 0.0, "percent_covered_display": "0.00", "missing_lines": 6, "excluded_lines": 0}, "missing_lines": [11, 17, 18, 19, 20, 24], "excluded_lines": []}, "": {"executed_lines": [], "summary": {"covered_lines": 0, "num_statements": 6, "percent_covered": 0.0, "percent_covered_display": "0.00", "missing_lines": 6, "excluded_lines": 0}, "missing_lines": [3, 6, 9, 13, 15, 22], "excluded_lines": []}}}, "modules\\dm\\bot_checkpoint.py": {"executed_lines": [], "summary": {"covered_lines": 0, "num_statements": 46, "percent_covered": 0.0, "percent_covered_display": "0.00", "missing_lines": 46, "excluded_lines": 0}, "missing_lines": [5, 6, 7, 9, 10, 13, 16, 18, 20, 29, 31, 32, 33, 34, 35, 36, 37, 38, 39, 41, 43, 45, 47, 49, 51, 54, 56, 57, 58, 59, 60, 61, 62, 65, 67, 68, 69, 70, 71, 72, 73, 74, 76, 77, 78, 79], "excluded_lines": [], "functions": {"Checkpoint.__init__": {"executed_lines": [], "summary": {"covered_lines": 0, "num_statements": 9, "percent_covered": 0.0, "percent_covered_display": "0.00", "missing_lines": 9, "excluded_lines": 0}, "missing_lines": [31, 32, 33, 34, 35, 36, 37, 38, 39], "excluded_lines": []}, "Checkpoint.fill_following": {"executed_lines": [], "summary": {"covered_lines": 0, "num_statements": 1, "percent_covered": 0.0, "percent_covered_display": "0.00", "missing_lines": 1, "excluded_lines": 0}, "missing_lines": [43], "excluded_lines": []}, "Checkpoint.fill_followers": {"executed_lines": [], "summary": {"covered_lines": 0, "num_statements": 1, "percent_covered": 0.0, "percent_covered_display": "0.00", "missing_lines": 1, "excluded_lines": 0}, "missing_lines": [47], "excluded_lines": []}, "Checkpoint.dump": {"executed_lines": [], "summary": {"covered_lines": 0, "num_statements": 1, "percent_covered": 0.0, "percent_covered_display": "0.00", "missing_lines": 1, "excluded_lines": 0}, "missing_lines": [51], "excluded_lines": []}, "save_checkpoint": {"executed_lines": [], "summary": {"covered_lines": 0, "num_statements": 7, "percent_covered": 0.0, "percent_covered_display": "0.00", "missing_lines": 7, "excluded_lines": 0}, "missing_lines": [56, 57, 58, 59, 60, 61, 62], "excluded_lines": []}, "load_checkpoint": {"executed_lines": [], "summary": {"covered_lines": 0, "num_statements": 12, "percent_covered": 0.0, "percent_covered_display": "0.00", "missing_lines": 12, "excluded_lines": 0}, "missing_lines": [67, 68, 69, 70, 71, 72, 73, 74, 76, 77, 78, 79], "excluded_lines": []}, "": {"executed_lines": [], "summary": {"covered_lines": 0, "num_statements": 14, "percent_covered": 0.0, "percent_covered_display": "0.00", "missing_lines": 14, "excluded_lines": 0}, "missing_lines": [5, 6, 7, 9, 10, 13, 16, 20, 29, 41, 45, 49, 54, 65], "excluded_lines": []}}, "classes": {"Checkpoint": {"executed_lines": [], "summary": {"covered_lines": 0, "num_statements": 13, "percent_covered": 0.0, "percent_covered_display": "0.00", "missing_lines": 13, "excluded_lines": 0}, "missing_lines": [18, 31, 32, 33, 34, 35, 36, 37, 38, 39, 43, 47, 51], "excluded_lines": []}, "": {"executed_lines": [], "summary": {"covered_lines": 0, "num_statements": 33, "percent_covered": 0.0, "percent_covered_display": "0.00", "missing_lines": 33, "excluded_lines": 0}, "missing_lines": [5, 6, 7, 9, 10, 13, 16, 20, 29, 41, 45, 49, 54, 56, 57, 58, 59, 60, 61, 62, 65, 67, 68, 69, 70, 71, 72, 73, 74, 76, 77, 78, 79], "excluded_lines": []}}}, "modules\\dm\\bot_comment.py": {"executed_lines": [], "summary": {"covered_lines": 0, "num_statements": 24, "percent_covered": 0.0, "percent_covered_display": "0.00", "missing_lines": 24, "excluded_lines": 0}, "missing_lines": [1, 2, 3, 5, 6, 7, 8, 9, 11, 12, 13, 15, 16, 17, 19, 20, 21, 22, 23, 24, 25, 27, 28, 29], "excluded_lines": [], "functions": {"BotCommentManager.__init__": {"executed_lines": [], "summary": {"covered_lines": 0, "num_statements": 1, "percent_covered": 0.0, "percent_covered_display": "0.00", "missing_lines": 1, "excluded_lines": 0}, "missing_lines": [13], "excluded_lines": []}, "BotCommentManager.send_comment": {"executed_lines": [], "summary": {"covered_lines": 0, "num_statements": 2, "percent_covered": 0.0, "percent_covered_display": "0.00", "missing_lines": 2, "excluded_lines": 0}, "missing_lines": [16, 17], "excluded_lines": []}, "BotCommentManager.generate_reply": {"executed_lines": [], "summary": {"covered_lines": 0, "num_statements": 6, "percent_covered": 0.0, "percent_covered_display": "0.00", "missing_lines": 6, "excluded_lines": 0}, "missing_lines": [20, 21, 22, 23, 24, 25], "excluded_lines": []}, "handle_comment": {"executed_lines": [], "summary": {"covered_lines": 0, "num_statements": 2, "percent_covered": 0.0, "percent_covered_display": "0.00", "missing_lines": 2, "excluded_lines": 0}, "missing_lines": [28, 29], "excluded_lines": []}, "": {"executed_lines": [], "summary": {"covered_lines": 0, "num_statements": 13, "percent_covered": 0.0, "percent_covered_display": "0.00", "missing_lines": 13, "excluded_lines": 0}, "missing_lines": [1, 2, 3, 5, 6, 7, 8, 9, 11, 12, 15, 19, 27], "excluded_lines": []}}, "classes": {"Comment": {"executed_lines": [], "summary": {"covered_lines": 0, "num_statements": 0, "percent_covered": 100.0, "percent_covered_display": "100.00", "missing_lines": 0, "excluded_lines": 0}, "missing_lines": [], "excluded_lines": []}, "BotCommentManager": {"executed_lines": [], "summary": {"covered_lines": 0, "num_statements": 9, "percent_covered": 0.0, "percent_covered_display": "0.00", "missing_lines": 9, "excluded_lines": 0}, "missing_lines": [13, 16, 17, 20, 21, 22, 23, 24, 25], "excluded_lines": []}, "": {"executed_lines": [], "summary": {"covered_lines": 0, "num_statements": 15, "percent_covered": 0.0, "percent_covered_display": "0.00", "missing_lines": 15, "excluded_lines": 0}, "missing_lines": [1, 2, 3, 5, 6, 7, 8, 9, 11, 12, 15, 19, 27, 28, 29], "excluded_lines": []}}}, "modules\\dm\\bot_get.py": {"executed_lines": [], "summary": {"covered_lines": 0, "num_statements": 265, "percent_covered": 0.0, "percent_covered_display": "0.00", "missing_lines": 265, "excluded_lines": 0}, "missing_lines": [6, 9, 11, 12, 13, 14, 15, 16, 17, 18, 19, 20, 21, 22, 23, 25, 26, 27, 28, 31, 33, 34, 37, 39, 40, 43, 45, 46, 47, 48, 49, 50, 53, 55, 56, 59, 61, 62, 65, 67, 68, 69, 70, 73, 75, 76, 77, 78, 81, 83, 84, 85, 86, 91, 94, 96, 97, 98, 99, 100, 101, 106, 108, 109, 110, 111, 112, 113, 116, 118, 119, 120, 121, 122, 123, 126, 128, 129, 130, 131, 132, 133, 136, 137, 138, 141, 143, 144, 145, 146, 149, 151, 152, 155, 157, 160, 162, 163, 164, 165, 166, 167, 168, 169, 170, 171, 174, 176, 177, 178, 179, 180, 181, 182, 185, 187, 188, 189, 190, 191, 194, 195, 200, 201, 204, 206, 207, 208, 209, 212, 214, 217, 219, 220, 221, 222, 223, 225, 226, 229, 231, 232, 233, 234, 237, 239, 240, 241, 242, 243, 244, 245, 246, 247, 250, 252, 253, 254, 257, 259, 260, 261, 264, 266, 267, 268, 269, 270, 273, 275, 276, 277, 278, 279, 282, 284, 285, 286, 287, 288, 289, 292, 294, 295, 296, 297, 298, 299, 300, 301, 302, 303, 304, 305, 306, 307, 308, 309, 315, 318, 320, 321, 322, 323, 326, 328, 329, 330, 331, 332, 335, 337, 338, 339, 340, 343, 345, 346, 347, 348, 349, 350, 416, 417, 418, 419, 422, 424, 425, 426, 427, 493, 494, 495, 496, 497, 500, 502, 503, 505, 506, 509, 511, 512, 513, 514, 515, 518, 520, 521, 522, 524, 525, 528, 530, 531, 532, 533, 534, 537, 541, 542, 543, 545, 546], "excluded_lines": [], "functions": {"get_user_stories": {"executed_lines": [], "summary": {"covered_lines": 0, "num_statements": 17, "percent_covered": 0.0, "percent_covered_display": "0.00", "missing_lines": 17, "excluded_lines": 0}, "missing_lines": [11, 12, 13, 14, 15, 16, 17, 18, 19, 20, 21, 22, 23, 25, 26, 27, 28], "excluded_lines": []}, "get_self_story_viewers": {"executed_lines": [], "summary": {"covered_lines": 0, "num_statements": 2, "percent_covered": 0.0, "percent_covered_display": "0.00", "missing_lines": 2, "excluded_lines": 0}, "missing_lines": [33, 34], "excluded_lines": []}, "get_user_reel": {"executed_lines": [], "summary": {"covered_lines": 0, "num_statements": 2, "percent_covered": 0.0, "percent_covered_display": "0.00", "missing_lines": 2, "excluded_lines": 0}, "missing_lines": [39, 40], "excluded_lines": []}, "get_media_owner": {"executed_lines": [], "summary": {"covered_lines": 0, "num_statements": 6, "percent_covered": 0.0, "percent_covered_display": "0.00", "missing_lines": 6, "excluded_lines": 0}, "missing_lines": [45, 46, 47, 48, 49, 50], "excluded_lines": []}, "get_user_tags_medias": {"executed_lines": [], "summary": {"covered_lines": 0, "num_statements": 2, "percent_covered": 0.0, "percent_covered_display": "0.00", "missing_lines": 2, "excluded_lines": 0}, "missing_lines": [55, 56], "excluded_lines": []}, "get_popular_medias": {"executed_lines": [], "summary": {"covered_lines": 0, "num_statements": 2, "percent_covered": 0.0, "percent_covered_display": "0.00", "missing_lines": 2, "excluded_lines": 0}, "missing_lines": [61, 62], "excluded_lines": []}, "get_your_medias": {"executed_lines": [], "summary": {"covered_lines": 0, "num_statements": 4, "percent_covered": 0.0, "percent_covered_display": "0.00", "missing_lines": 4, "excluded_lines": 0}, "missing_lines": [67, 68, 69, 70], "excluded_lines": []}, "get_archived_medias": {"executed_lines": [], "summary": {"covered_lines": 0, "num_statements": 4, "percent_covered": 0.0, "percent_covered_display": "0.00", "missing_lines": 4, "excluded_lines": 0}, "missing_lines": [75, 76, 77, 78], "excluded_lines": []}, "get_timeline_medias": {"executed_lines": [], "summary": {"covered_lines": 0, "num_statements": 5, "percent_covered": 0.0, "percent_covered_display": "0.00", "missing_lines": 5, "excluded_lines": 0}, "missing_lines": [83, 84, 85, 86, 91], "excluded_lines": []}, "get_user_medias": {"executed_lines": [], "summary": {"covered_lines": 0, "num_statements": 6, "percent_covered": 0.0, "percent_covered_display": "0.00", "missing_lines": 6, "excluded_lines": 0}, "missing_lines": [96, 97, 98, 99, 100, 101], "excluded_lines": []}, "get_total_user_medias": {"executed_lines": [], "summary": {"covered_lines": 0, "num_statements": 6, "percent_covered": 0.0, "percent_covered_display": "0.00", "missing_lines": 6, "excluded_lines": 0}, "missing_lines": [108, 109, 110, 111, 112, 113], "excluded_lines": []}, "get_last_user_medias": {"executed_lines": [], "summary": {"covered_lines": 0, "num_statements": 6, "percent_covered": 0.0, "percent_covered_display": "0.00", "missing_lines": 6, "excluded_lines": 0}, "missing_lines": [118, 119, 120, 121, 122, 123], "excluded_lines": []}, "get_user_likers": {"executed_lines": [], "summary": {"covered_lines": 0, "num_statements": 9, "percent_covered": 0.0, "percent_covered_display": "0.00", "missing_lines": 9, "excluded_lines": 0}, "missing_lines": [128, 129, 130, 131, 132, 133, 136, 137, 138], "excluded_lines": []}, "get_hashtag_medias": {"executed_lines": [], "summary": {"covered_lines": 0, "num_statements": 4, "percent_covered": 0.0, "percent_covered_display": "0.00", "missing_lines": 4, "excluded_lines": 0}, "missing_lines": [143, 144, 145, 146], "excluded_lines": []}, "get_total_hashtag_medias": {"executed_lines": [], "summary": {"covered_lines": 0, "num_statements": 2, "percent_covered": 0.0, "percent_covered_display": "0.00", "missing_lines": 2, "excluded_lines": 0}, "missing_lines": [151, 152], "excluded_lines": []}, "get_geotag_medias": {"executed_lines": [], "summary": {"covered_lines": 0, "num_statements": 1, "percent_covered": 0.0, "percent_covered_display": "0.00", "missing_lines": 1, "excluded_lines": 0}, "missing_lines": [157], "excluded_lines": []}, "get_locations_from_coordinates": {"executed_lines": [], "summary": {"covered_lines": 0, "num_statements": 10, "percent_covered": 0.0, "percent_covered_display": "0.00", "missing_lines": 10, "excluded_lines": 0}, "missing_lines": [162, 163, 164, 165, 166, 167, 168, 169, 170, 171], "excluded_lines": []}, "get_media_info": {"executed_lines": [], "summary": {"covered_lines": 0, "num_statements": 7, "percent_covered": 0.0, "percent_covered_display": "0.00", "missing_lines": 7, "excluded_lines": 0}, "missing_lines": [176, 177, 178, 179, 180, 181, 182], "excluded_lines": []}, "get_timeline_users": {"executed_lines": [], "summary": {"covered_lines": 0, "num_statements": 9, "percent_covered": 0.0, "percent_covered_display": "0.00", "missing_lines": 9, "excluded_lines": 0}, "missing_lines": [187, 188, 189, 190, 191, 194, 195, 200, 201], "excluded_lines": []}, "get_hashtag_users": {"executed_lines": [], "summary": {"covered_lines": 0, "num_statements": 4, "percent_covered": 0.0, "percent_covered_display": "0.00", "missing_lines": 4, "excluded_lines": 0}, "missing_lines": [206, 207, 208, 209], "excluded_lines": []}, "get_geotag_users": {"executed_lines": [], "summary": {"covered_lines": 0, "num_statements": 1, "percent_covered": 0.0, "percent_covered_display": "0.00", "missing_lines": 1, "excluded_lines": 0}, "missing_lines": [214], "excluded_lines": []}, "get_user_id_from_username": {"executed_lines": [], "summary": {"covered_lines": 0, "num_statements": 7, "percent_covered": 0.0, "percent_covered_display": "0.00", "missing_lines": 7, "excluded_lines": 0}, "missing_lines": [219, 220, 221, 222, 223, 225, 226], "excluded_lines": []}, "get_username_from_user_id": {"executed_lines": [], "summary": {"covered_lines": 0, "num_statements": 4, "percent_covered": 0.0, "percent_covered_display": "0.00", "missing_lines": 4, "excluded_lines": 0}, "missing_lines": [231, 232, 233, 234], "excluded_lines": []}, "get_user_info": {"executed_lines": [], "summary": {"covered_lines": 0, "num_statements": 9, "percent_covered": 0.0, "percent_covered_display": "0.00", "missing_lines": 9, "excluded_lines": 0}, "missing_lines": [239, 240, 241, 242, 243, 244, 245, 246, 247], "excluded_lines": []}, "get_user_followers": {"executed_lines": [], "summary": {"covered_lines": 0, "num_statements": 3, "percent_covered": 0.0, "percent_covered_display": "0.00", "missing_lines": 3, "excluded_lines": 0}, "missing_lines": [252, 253, 254], "excluded_lines": []}, "get_user_following": {"executed_lines": [], "summary": {"covered_lines": 0, "num_statements": 3, "percent_covered": 0.0, "percent_covered_display": "0.00", "missing_lines": 3, "excluded_lines": 0}, "missing_lines": [259, 260, 261], "excluded_lines": []}, "get_comment_likers": {"executed_lines": [], "summary": {"covered_lines": 0, "num_statements": 5, "percent_covered": 0.0, "percent_covered_display": "0.00", "missing_lines": 5, "excluded_lines": 0}, "missing_lines": [266, 267, 268, 269, 270], "excluded_lines": []}, "get_media_likers": {"executed_lines": [], "summary": {"covered_lines": 0, "num_statements": 5, "percent_covered": 0.0, "percent_covered_display": "0.00", "missing_lines": 5, "excluded_lines": 0}, "missing_lines": [275, 276, 277, 278, 279], "excluded_lines": []}, "get_media_comments": {"executed_lines": [], "summary": {"covered_lines": 0, "num_statements": 6, "percent_covered": 0.0, "percent_covered_display": "0.00", "missing_lines": 6, "excluded_lines": 0}, "missing_lines": [284, 285, 286, 287, 288, 289], "excluded_lines": []}, "get_media_comments_all": {"executed_lines": [], "summary": {"covered_lines": 0, "num_statements": 17, "percent_covered": 0.0, "percent_covered_display": "0.00", "missing_lines": 17, "excluded_lines": 0}, "missing_lines": [294, 295, 296, 297, 298, 299, 300, 301, 302, 303, 304, 305, 306, 307, 308, 309, 315], "excluded_lines": []}, "get_media_commenters": {"executed_lines": [], "summary": {"covered_lines": 0, "num_statements": 4, "percent_covered": 0.0, "percent_covered_display": "0.00", "missing_lines": 4, "excluded_lines": 0}, "missing_lines": [320, 321, 322, 323], "excluded_lines": []}, "search_users": {"executed_lines": [], "summary": {"covered_lines": 0, "num_statements": 5, "percent_covered": 0.0, "percent_covered_display": "0.00", "missing_lines": 5, "excluded_lines": 0}, "missing_lines": [328, 329, 330, 331, 332], "excluded_lines": []}, "get_comment": {"executed_lines": [], "summary": {"covered_lines": 0, "num_statements": 4, "percent_covered": 0.0, "percent_covered_display": "0.00", "missing_lines": 4, "excluded_lines": 0}, "missing_lines": [337, 338, 339, 340], "excluded_lines": []}, "get_media_id_from_link": {"executed_lines": [], "summary": {"covered_lines": 0, "num_statements": 10, "percent_covered": 0.0, "percent_covered_display": "0.00", "missing_lines": 10, "excluded_lines": 0}, "missing_lines": [345, 346, 347, 348, 349, 350, 416, 417, 418, 419], "excluded_lines": []}, "get_link_from_media_id": {"executed_lines": [], "summary": {"covered_lines": 0, "num_statements": 9, "percent_covered": 0.0, "percent_covered_display": "0.00", "missing_lines": 9, "excluded_lines": 0}, "missing_lines": [424, 425, 426, 427, 493, 494, 495, 496, 497], "excluded_lines": []}, "get_messages": {"executed_lines": [], "summary": {"covered_lines": 0, "num_statements": 4, "percent_covered": 0.0, "percent_covered_display": "0.00", "missing_lines": 4, "excluded_lines": 0}, "missing_lines": [502, 503, 505, 506], "excluded_lines": []}, "convert_to_user_id": {"executed_lines": [], "summary": {"covered_lines": 0, "num_statements": 5, "percent_covered": 0.0, "percent_covered_display": "0.00", "missing_lines": 5, "excluded_lines": 0}, "missing_lines": [511, 512, 513, 514, 515], "excluded_lines": []}, "get_pending_follow_requests": {"executed_lines": [], "summary": {"covered_lines": 0, "num_statements": 5, "percent_covered": 0.0, "percent_covered_display": "0.00", "missing_lines": 5, "excluded_lines": 0}, "missing_lines": [520, 521, 522, 524, 525], "excluded_lines": []}, "get_pending_thread_requests": {"executed_lines": [], "summary": {"covered_lines": 0, "num_statements": 5, "percent_covered": 0.0, "percent_covered_display": "0.00", "missing_lines": 5, "excluded_lines": 0}, "missing_lines": [530, 531, 532, 533, 534], "excluded_lines": []}, "get_muted_friends": {"executed_lines": [], "summary": {"covered_lines": 0, "num_statements": 5, "percent_covered": 0.0, "percent_covered_display": "0.00", "missing_lines": 5, "excluded_lines": 0}, "missing_lines": [541, 542, 543, 545, 546], "excluded_lines": []}, "": {"executed_lines": [], "summary": {"covered_lines": 0, "num_statements": 41, "percent_covered": 0.0, "percent_covered_display": "0.00", "missing_lines": 41, "excluded_lines": 0}, "missing_lines": [6, 9, 31, 37, 43, 53, 59, 65, 73, 81, 94, 106, 116, 126, 141, 149, 155, 160, 174, 185, 204, 212, 217, 229, 237, 250, 257, 264, 273, 282, 292, 318, 326, 335, 343, 422, 500, 509, 518, 528, 537], "excluded_lines": []}}, "classes": {"": {"executed_lines": [], "summary": {"covered_lines": 0, "num_statements": 265, "percent_covered": 0.0, "percent_covered_display": "0.00", "missing_lines": 265, "excluded_lines": 0}, "missing_lines": [6, 9, 11, 12, 13, 14, 15, 16, 17, 18, 19, 20, 21, 22, 23, 25, 26, 27, 28, 31, 33, 34, 37, 39, 40, 43, 45, 46, 47, 48, 49, 50, 53, 55, 56, 59, 61, 62, 65, 67, 68, 69, 70, 73, 75, 76, 77, 78, 81, 83, 84, 85, 86, 91, 94, 96, 97, 98, 99, 100, 101, 106, 108, 109, 110, 111, 112, 113, 116, 118, 119, 120, 121, 122, 123, 126, 128, 129, 130, 131, 132, 133, 136, 137, 138, 141, 143, 144, 145, 146, 149, 151, 152, 155, 157, 160, 162, 163, 164, 165, 166, 167, 168, 169, 170, 171, 174, 176, 177, 178, 179, 180, 181, 182, 185, 187, 188, 189, 190, 191, 194, 195, 200, 201, 204, 
[...]
_lines": [], "functions": {"InboundEvent.__post_init__": {"executed_lines": [], "summary": {"covered_lines": 0, "num_statements": 2, "percent_covered": 0.0, "percent_covered_display": "0.00", "missing_lines": 2, "excluded_lines": 0}, "missing_lines": [21, 22], "excluded_lines": []}, "_infer_action_from_event": {"executed_lines": [], "summary": {"covered_lines": 0, "num_statements": 6, "percent_covered": 0.0, "percent_covered_display": "0.00", "missing_lines": 6, "excluded_lines": 0}, "missing_lines": [46, 47, 48, 49, 50, 51], "excluded_lines": []}, "_ensure_text": {"executed_lines": [], "summary": {"covered_lines": 0, "num_statements": 1, "percent_covered": 0.0, "percent_covered_display": "0.00", "missing_lines": 1, "excluded_lines": 0}, "missing_lines": [56], "excluded_lines": []}, "_to_action_result": {"executed_lines": [], "summary": {"covered_lines": 0, "num_statements": 19, "percent_covered": 0.0, "percent_covered_display": "0.00", "missing_lines": 19, "excluded_lines": 0}, "missing_lines": [61, 62, 63, 64, 66, 67, 68, 69, 70, 71, 72, 73, 74, 75, 76, 77, 79, 80, 93], "excluded_lines": []}, "DMQueue.__init__": {"executed_lines": [], "summary": {"covered_lines": 0, "num_statements": 1, "percent_covered": 0.0, "percent_covered_display": "0.00", "missing_lines": 1, "excluded_lines": 0}, "missing_lines": [112], "excluded_lines": []}, "DMQueue.enqueue": {"executed_lines": [], "summary": {"covered_lines": 0, "num_statements": 1, "percent_covered": 0.0, "percent_covered_display": "0.00", "missing_lines": 1, "excluded_lines": 0}, "missing_lines": [115], "excluded_lines": []}, "DMQueue.dequeue": {"executed_lines": [], "summary": {"covered_lines": 0, "num_statements": 1, "percent_covered": 0.0, "percent_covered_display": "0.00", "missing_lines": 1, "excluded_lines": 0}, "missing_lines": [118], "excluded_lines": []}, "DMQueue.consume": {"executed_lines": [], "summary": {"covered_lines": 0, "num_statements": 20, "percent_covered": 0.0, "percent_covered_display": "0.00", "missing_lines": 20, "excluded_lines": 0}, "missing_lines": [127, 128, 129, 130, 131, 133, 134, 136, 137, 138, 140, 141, 143, 144, 146, 147, 148, 150, 151, 153], "excluded_lines": []}, "": {"executed_lines": [], "summary": {"covered_lines": 0, "num_statements": 31, "percent_covered": 0.0, "percent_covered_display": "0.00", "missing_lines": 31, "excluded_lines": 0}, "missing_lines": [2, 3, 4, 5, 6, 8, 11, 12, 13, 14, 15, 16, 17, 18, 20, 25, 26, 27, 28, 29, 30, 33, 44, 54, 59, 108, 111, 114, 117, 120, 156], "excluded_lines": []}}, "classes": {"InboundEvent": {"executed_lines": [], "summary": {"covered_lines": 0, "num_statements": 2, "percent_covered": 0.0, "percent_covered_display": "0.00", "missing_lines": 2, "excluded_lines": 0}, "missing_lines": [21, 22], "excluded_lines": []}, "ActionResult": {"executed_lines": [], "summary": {"covered_lines": 0, "num_statements": 0, "percent_covered": 100.0, "percent_covered_display": "100.00", "missing_lines": 0, "excluded_lines": 0}, "missing_lines": [], "excluded_lines": []}, "DMQueue": {"executed_lines": [], "summary": {"covered_lines": 0, "num_statements": 23, "percent_covered": 0.0, "percent_covered_display": "0.00", "missing_lines": 23, "excluded_lines": 0}, "missing_lines": [112, 115, 118, 127, 128, 129, 130, 131, 133, 134, 136, 137, 138, 140, 141, 143, 144, 146, 147, 148, 150, 151, 153], "excluded_lines": []}, "": {"executed_lines": [], "summary": {"covered_lines": 0, "num_statements": 57, "percent_covered": 0.0, "percent_covered_display": "0.00", "missing_lines": 57, "excluded_lines": 0}, "missing_lines": [2, 3, 4, 5, 6, 8, 11, 12, 13, 14, 15, 16, 17, 18, 20, 25, 26, 27, 28, 29, 30, 33, 44, 46, 47, 48, 49, 50, 51, 54, 56, 59, 61, 62, 63, 64, 66, 67, 68, 69, 70, 71, 72, 73, 74, 75, 76, 77, 79, 80, 93, 108, 111, 114, 117, 120, 156], "excluded_lines": []}}}, "modules\\dm\\rules.py": {"executed_lines": [], "summary": {"covered_lines": 0, "num_statements": 23, "percent_covered": 0.0, "percent_covered_display": "0.00", "missing_lines": 23, "excluded_lines": 0}, "missing_lines": [3, 4, 7, 8, 9, 10, 11, 14, 15, 26, 27, 28, 29, 31, 32, 34, 35, 36, 37, 39, 40, 41, 43], "excluded_lines": [], "functions": {"RuleResult.__init__": {"executed_lines": [], "summary": {"covered_lines": 0, "num_statements": 3, "percent_covered": 0.0, "percent_covered_display": "0.00", "missing_lines": 3, "excluded_lines": 0}, "missing_lines": [9, 10, 11], "excluded_lines": []}, "get_default_policy": {"executed_lines": [], "summary": {"covered_lines": 0, "num_statements": 1, "percent_covered": 0.0, "percent_covered_display": "0.00", "missing_lines": 1, "excluded_lines": 0}, "missing_lines": [15], "excluded_lines": []}, "evaluate": {"executed_lines": [], "summary": {"covered_lines": 0, "num_statements": 13, "percent_covered": 0.0, "percent_covered_display": "0.00", "missing_lines": 13, "excluded_lines": 0}, "missing_lines": [27, 28, 29, 31, 32, 34, 35, 36, 37, 39, 40, 41, 43], "excluded_lines": []}, "": {"executed_lines": [], "summary": {"covered_lines": 0, "num_statements": 6, "percent_covered": 0.0, "percent_covered_display": "0.00", "missing_lines": 6, "excluded_lines": 0}, "missing_lines": [3, 4, 7, 8, 14, 26], "excluded_lines": []}}, "classes": {"RuleResult": {"executed_lines": [], "summary": {"covered_lines": 0, "num_statements": 3, "percent_covered": 0.0, "percent_covered_display": "0.00", "missing_lines": 3, "excluded_lines": 0}, "missing_lines": [9, 10, 11], "excluded_lines": []}, "": {"executed_lines": [], "summary": {"covered_lines": 0, "num_statements": 20, "percent_covered": 0.0, "percent_covered_display": "0.00", "missing_lines": 20, "excluded_lines": 0}, "missing_lines": [3, 4, 7, 8, 14, 15, 26, 27, 28, 29, 31, 32, 34, 35, 36, 37, 39, 40, 41, 43], "excluded_lines": []}}}, "modules\\dm\\types.py": {"executed_lines": [], "summary": {"covered_lines": 0, "num_statements": 18, "percent_covered": 0.0, "percent_covered_display": "0.00", "missing_lines": 18, "excluded_lines": 0}, "missing_lines": [2, 4, 5, 7, 10, 11, 12, 13, 14, 15, 16, 17, 20, 21, 22, 23, 24, 25], "excluded_lines": [], "functions": {"": {"executed_lines": [], "summary": {"covered_lines": 0, "num_statements": 18, "percent_covered": 0.0, "percent_covered_display": "0.00", "missing_lines": 18, "excluded_lines": 0}, "missing_lines": [2, 4, 5, 7, 10, 11, 12, 13, 14, 15, 16, 17, 20, 21, 22, 23, 24, 25], "excluded_lines": []}}, "classes": {"InboundEvent": {"executed_lines": [], "summary": {"covered_lines": 0, "num_statements": 0, "percent_covered": 100.0, "percent_covered_display": "100.00", "missing_lines": 0, "excluded_lines": 0}, "missing_lines": [], "excluded_lines": []}, "ActionResult": {"executed_lines": [], "summary": {"covered_lines": 0, "num_statements": 0, "percent_covered": 100.0, "percent_covered_display": "100.00", "missing_lines": 0, "excluded_lines": 0}, "missing_lines": [], "excluded_lines": []}, "": {"executed_lines": [], "summary": {"covered_lines": 0, "num_statements": 18, "percent_covered": 0.0, "percent_covered_display": "0.00", "missing_lines": 18, "excluded_lines": 0}, "missing_lines": [2, 4, 5, 7, 10, 11, 12, 13, 14, 15, 16, 17, 20, 21, 22, 23, 24, 25], "excluded_lines": []}}}, "modules\\log_trace.py": {"executed_lines": [], "summary": {"covered_lines": 0, "num_statements": 30, "percent_covered": 0.0, "percent_covered_display": "0.00", "missing_lines": 30, "excluded_lines": 0}, "missing_lines": [2, 3, 4, 5, 7, 8, 9, 19, 20, 22, 23, 24, 25, 26, 27, 28, 29, 30, 31, 33, 37, 38, 39, 40, 44, 45, 47, 49, 50, 54], "excluded_lines": [], "functions": {"init_log_db": {"executed_lines": [], "summary": {"covered_lines": 0, "num_statements": 4, "percent_covered": 0.0, "percent_covered_display": "0.00", "missing_lines": 4, "excluded_lines": 0}, "missing_lines": [8, 9, 19, 20], "excluded_lines": []}, "get_logger": {"executed_lines": [], "summary": {"covered_lines": 0, "num_statements": 9, "percent_covered": 0.0, "percent_covered_display": "0.00", "missing_lines": 9, "excluded_lines": 0}, "missing_lines": [23, 24, 25, 26, 27, 28, 29, 30, 31], "excluded_lines": []}, "log_account_run": {"executed_lines": [], "summary": {"covered_lines": 0, "num_statements": 6, "percent_covered": 0.0, "percent_covered_display": "0.00", "missing_lines": 6, "excluded_lines": 0}, "missing_lines": [37, 38, 39, 40, 44, 45], "excluded_lines": []}, "get_all_logs": {"executed_lines": [], "summary": {"covered_lines": 0, "num_statements": 3, "percent_covered": 0.0, "percent_covered_display": "0.00", "missing_lines": 3, "excluded_lines": 0}, "missing_lines": [49, 50, 54], "excluded_lines": []}, "": {"executed_lines": [], "summary": {"covered_lines": 0, "num_statements": 8, "percent_covered": 0.0, "percent_covered_display": "0.00", "missing_lines": 8, "excluded_lines": 0}, "missing_lines": [2, 3, 4, 5, 7, 22, 33, 47], "excluded_lines": []}}, "classes": {"": {"executed_lines": [], "summary": {"covered_lines": 0, "num_statements": 30, "percent_covered": 0.0, "percent_covered_display": "0.00", "missing_lines": 30, "excluded_lines": 0}, "missing_lines": [2, 3, 4, 5, 7, 8, 9, 19, 20, 22, 23, 24, 25, 26, 27, 28, 29, 30, 31, 33, 37, 38, 39, 40, 44, 45, 47, 49, 50, 54], "excluded_lines": []}}}, "modules\\manual_import.py": {"executed_lines": [], "summary": {"covered_lines": 0, "num_statements": 8, "percent_covered": 0.0, "percent_covered_display": "0.00", "missing_lines": 8, "excluded_lines": 0}, "missing_lines": [3, 4, 5, 7, 8, 11, 12, 15], "excluded_lines": [], "functions": {"SomeClass.__init__": {"executed_lines": [], "summary": {"covered_lines": 0, "num_statements": 1, "percent_covered": 0.0, "percent_covered_display": "0.00", "missing_lines": 1, "excluded_lines": 0}, "missing_lines": [5], "excluded_lines": []}, "SomeClass.double": {"executed_lines": [], "summary": {"covered_lines": 0, "num_statements": 1, "percent_covered": 0.0, "percent_covered_display": "0.00", "missing_lines": 1, "excluded_lines": 0}, "missing_lines": [8], "excluded_lines": []}, "some_function": {"executed_lines": [], "summary": {"covered_lines": 0, "num_statements": 1, "percent_covered": 0.0, "percent_covered_display": "0.00", "missing_lines": 1, "excluded_lines": 0}, "missing_lines": [12], "excluded_lines": []}, "": {"executed_lines": [], "summary": {"covered_lines": 0, "num_statements": 5, "percent_covered": 0.0, "percent_covered_display": "0.00", "missing_lines": 5, "excluded_lines": 0}, "missing_lines": [3, 4, 7, 11, 15], "excluded_lines": []}}, "classes": {"SomeClass": {"executed_lines": [], "summary": {"covered_lines": 0, "num_statements": 2, "percent_covered": 0.0, "percent_covered_display": "0.00", "missing_lines": 2, "excluded_lines": 0}, "missing_lines": [5, 8], "excluded_lines": []}, "": {"executed_lines": [], "summary": {"covered_lines": 0, "num_statements": 6, "percent_covered": 0.0, "percent_covered_display": "0.00", "missing_lines": 6, "excluded_lines": 0}, "missing_lines": [3, 4, 7, 11, 12, 15], "excluded_lines": []}}}, "modules\\pickle_serializer.py": {"executed_lines": [], "summary": {"covered_lines": 0, "num_statements": 7, "percent_covered": 0.0, "percent_covered_display": "0.00", "missing_lines": 7, "excluded_lines": 2}, "missing_lines": [1, 3, 5, 6, 8, 9, 10], "excluded_lines": [11, 12], "functions": {"": {"executed_lines": [], "summary": {"covered_lines": 0, "num_statements": 7, "percent_covered": 0.0, "percent_covered_display": "0.00", "missing_lines": 7, "excluded_lines": 2}, "missing_lines": [1, 3, 5, 6, 8, 9, 10], "excluded_lines": [11, 12]}}, "classes": {"": {"executed_lines": [], "summary": {"covered_lines": 0, "num_statements": 7, "percent_covered": 0.0, "percent_covered_display": "0.00", "missing_lines": 7, "excluded_lines": 2}, "missing_lines": [1, 3, 5, 6, 8, 9, 10], "excluded_lines": [11, 12]}}}, "modules\\pprint_util_custom.py": {"executed_lines": [], "summary": {"covered_lines": 0, "num_statements": 24, "percent_covered": 0.0, "percent_covered_display": "0.00", "missing_lines": 24, "excluded_lines": 0}, "missing_lines": [3, 6, 7, 8, 9, 11, 12, 13, 14, 15, 17, 18, 19, 20, 21, 23, 24, 25, 26, 27, 29, 30, 35, 36], "excluded_lines": [], "functions": {"PrettyPrinter.__init__": {"executed_lines": [], "summary": {"covered_lines": 0, "num_statements": 2, "percent_covered": 0.0, "percent_covered_display": "0.00", "missing_lines": 2, "excluded_lines": 0}, "missing_lines": [8, 9], "excluded_lines": []}, "PrettyPrinter.format": {"executed_lines": [], "summary": {"covered_lines": 0, "num_statements": 4, "percent_covered": 0.0, "percent_covered_display": "0.00", "missing_lines": 4, "excluded_lines": 0}, "missing_lines": [12, 13, 14, 15], "excluded_lines": []}, "PrettyPrinter._safe_key": {"executed_lines": [], "summary": {"covered_lines": 0, "num_statements": 4, "percent_covered": 0.0, "percent_covered_display": "0.00", "missing_lines": 4, "excluded_lines": 0}, "missing_lines": [18, 19, 20, 21], "excluded_lines": []}, "PrettyPrinter._safe_value": {"executed_lines": [], "summary": {"covered_lines": 0, "num_statements": 4, "percent_covered": 0.0, "percent_covered_display": "0.00", "missing_lines": 4, "excluded_lines": 0}, "missing_lines": [24, 25, 26, 27], "excluded_lines": []}, "PrettyPrinter._format_dict": {"executed_lines": [], "summary": {"covered_lines": 0, "num_statements": 1, "percent_covered": 0.0, "percent_covered_display": "0.00", "missing_lines": 1, "excluded_lines": 0}, "missing_lines": [30], "excluded_lines": []}, "PrettyPrinter._format_list": {"executed_lines": [], "summary": {"covered_lines": 0, "num_statements": 1, "percent_covered": 0.0, "percent_covered_display": "0.00", "missing_lines": 1, "excluded_lines": 0}, "missing_lines": [36], "excluded_lines": []}, "": {"executed_lines": [], "summary": {"covered_lines": 0, "num_statements": 8, "percent_covered": 0.0, "percent_covered_display": "0.00", "missing_lines": 8, "excluded_lines": 0}, "missing_lines": [3, 6, 7, 11, 17, 23, 29, 35], "excluded_lines": []}}, "classes": {"PrettyPrinter": {"executed_lines": [], "summary": {"covered_lines": 0, "num_statements": 16, "percent_covered": 0.0, "percent_covered_display": "0.00", "missing_lines": 16, "excluded_lines": 0}, "missing_lines": [8, 9, 12, 13, 14, 15, 18, 19, 20, 21, 24, 25, 26, 27, 30, 36], "excluded_lines": []}, "": {"executed_lines": [], "summary": {"covered_lines": 0, "num_statements": 8, "percent_covered": 0.0, "percent_covered_display": "0.00", "missing_lines": 8, "excluded_lines": 0}, "missing_lines": [3, 6, 7, 11, 17, 23, 29, 35], "excluded_lines": []}}}, "modules\\six_util_custom.py": {"executed_lines": [], "summary": {"covered_lines": 0, "num_statements": 11, "percent_covered": 0.0, "percent_covered_display": "0.00", "missing_lines": 11, "excluded_lines": 0}, "missing_lines": [3, 4, 5, 7, 8, 9, 10, 12, 13, 14, 15], "excluded_lines": [], "functions": {"SixWrapper.__init__": {"executed_lines": [], "summary": {"covered_lines": 0, "num_statements": 1, "percent_covered": 0.0, "percent_covered_display": "0.00", "missing_lines": 1, "excluded_lines": 0}, "missing_lines": [5], "excluded_lines": []}, "SixWrapper.wrap": {"executed_lines": [], "summary": {"covered_lines": 0, "num_statements": 3, "percent_covered": 0.0, "percent_covered_display": "0.00", "missing_lines": 3, "excluded_lines": 0}, "missing_lines": [8, 9, 10], "excluded_lines": []}, "SixWrapper.unwrap": {"executed_lines": [], "summary": {"covered_lines": 0, "num_statements": 3, "percent_covered": 0.0, "percent_covered_display": "0.00", "missing_lines": 3, "excluded_lines": 0}, "missing_lines": [13, 14, 15], "excluded_lines": []}, "": {"executed_lines": [], "summary": {"covered_lines": 0, "num_statements": 4, "percent_covered": 0.0, "percent_covered_display": "0.00", "missing_lines": 4, "excluded_lines": 0}, "missing_lines": [3, 4, 7, 12], "excluded_lines": []}}, "classes": {"SixWrapper": {"executed_lines": [], "summary": {"covered_lines": 0, "num_statements": 7, "percent_covered": 0.0, "percent_covered_display": "0.00", "missing_lines": 7, "excluded_lines": 0}, "missing_lines": [5, 8, 9, 10, 13, 14, 15], "excluded_lines": []}, "": {"executed_lines": [], "summary": {"covered_lines": 0, "num_statements": 4, "percent_covered": 0.0, "percent_covered_display": "0.00", "missing_lines": 4, "excluded_lines": 0}, "missing_lines": [3, 4, 7, 12], "excluded_lines": []}}}, "modules\\ssl_handler.py": {"executed_lines": [], "summary": {"covered_lines": 0, "num_statements": 3, "percent_covered": 0.0, "percent_covered_display": "0.00", "missing_lines": 3, "excluded_lines": 0}, "missing_lines": [3, 4, 5], "excluded_lines": [], "functions": {"SSLHandler.verify_ssl": {"executed_lines": [], "summary": {"covered_lines": 0, "num_statements": 1, "percent_covered": 0.0, "percent_covered_display": "0.00", "missing_lines": 1, "excluded_lines": 0}, "missing_lines": [5], "excluded_lines": []}, "": {"executed_lines": [], "summary": {"covered_lines": 0, "num_statements": 2, "percent_covered": 0.0, "percent_covered_display": "0.00", "missing_lines": 2, "excluded_lines": 0}, "missing_lines": [3, 4], "excluded_lines": []}}, "classes": {"SSLHandler": {"executed_lines": [], "summary": {"covered_lines": 0, "num_statements": 1, "percent_covered": 0.0, "percent_covered_display": "0.00", "missing_lines": 1, "excluded_lines": 0}, "missing_lines": [5], "excluded_lines": []}, "": {"executed_lines": [], "summary": {"covered_lines": 0, "num_statements": 2, "percent_covered": 0.0, "percent_covered_display": "0.00", "missing_lines": 2, "excluded_lines": 0}, "missing_lines": [3, 4], "excluded_lines": []}}}, "modules\\task_queue_mgr.py": {"executed_lines": [], "summary": {"covered_lines": 0, "num_statements": 15, "percent_covered": 0.0, "percent_covered_display": "0.00", "missing_lines": 15, "excluded_lines": 0}, "missing_lines": [3, 4, 7, 12, 13, 15, 19, 21, 25, 26, 27, 29, 33, 35, 39], "excluded_lines": [], "functions": {"TaskQueueManager.__init__": {"executed_lines": [], "summary": {"covered_lines": 0, "num_statements": 1, "percent_covered": 0.0, "percent_covered_display": "0.00", "missing_lines": 1, "excluded_lines": 0}, "missing_lines": [13], "excluded_lines": []}, "TaskQueueManager.enqueue": {"executed_lines": [], "summary": {"covered_lines": 0, "num_statements": 1, "percent_covered": 0.0, "percent_covered_display": "0.00", "missing_lines": 1, "excluded_lines": 0}, "missing_lines": [19], "excluded_lines": []}, "TaskQueueManager.dequeue": {"executed_lines": [], "summary": {"covered_lines": 0, "num_statements": 3, "percent_covered": 0.0, "percent_covered_display": "0.00", "missing_lines": 3, "excluded_lines": 0}, "missing_lines": [25, 26, 27], "excluded_lines": []}, "TaskQueueManager.size": {"executed_lines": [], "summary": {"covered_lines": 0, "num_statements": 1, "percent_covered": 0.0, "percent_covered_display": "0.00", "missing_lines": 1, "excluded_lines": 0}, "missing_lines": [33], "excluded_lines": []}, "TaskQueueManager.is_empty": {"executed_lines": [], "summary": {"covered_lines": 0, "num_statements": 1, "percent_covered": 0.0, "percent_covered_display": "0.00", "missing_lines": 1, "excluded_lines": 0}, "missing_lines": [39], "excluded_lines": []}, "": {"executed_lines": [], "summary": {"covered_lines": 0, "num_statements": 8, "percent_covered": 0.0, "percent_covered_display": "0.00", "missing_lines": 8, "excluded_lines": 0}, "missing_lines": [3, 4, 7, 12, 15, 21, 29, 35], "excluded_lines": []}}, "classes": {"TaskQueueManager": {"executed_lines": [], "summary": {"covered_lines": 0, "num_statements": 7, "percent_covered": 0.0, "percent_covered_display": "0.00", "missing_lines": 7, "excluded_lines": 0}, "missing_lines": [13, 19, 25, 26, 27, 33, 39], "excluded_lines": []}, "": {"executed_lines": [], "summary": {"covered_lines": 0, "num_statements": 8, "percent_covered": 0.0, "percent_covered_display": "0.00", "missing_lines": 8, "excluded_lines": 0}, "missing_lines": [3, 4, 7, 12, 15, 21, 29, 35], "excluded_lines": []}}}}, "totals": {"covered_lines": 0, "num_statements": 848, "percent_covered": 0.0, "percent_covered_display": "0.00", "missing_lines": 848, "excluded_lines": 802}}
